2023-02-11 11:14:26,372 | DEBUG | Reading directory path
2023-02-11 11:14:26,654 | DEBUG | {'general_set_up': {'dataset_filename': '20230207_Dataset_GTC_FINAL_Witnesses.xlsx', 'input_dir_name': 'input', 'output_dir_name': 'output', 'dataset_dir_name': 'dataset', 'logs_dir_name': 'logs', 'models_dir_name': 'models', 'plots_dir_name': 'plots'}, 'dataset': {'index_columns_dataset': 1, 'list_columns_names': ['tribunal', 'id_transcript', 'case', 'accused', 'date', 'text', 'trauma', 'role', 'witnesses', 'n_witnesses', 'start', 'id_annotation', 'id_document'], 'col_of_interest_binary_classif': 'trauma', 'col_of_interest_multi_label_classif': 'role', 'col_of_reference_binary_classif': 'text', 'col_of_reference_multi_label_classif': 'text'}, 'models': {'bert': ['bert-base-uncased', 'nlpaueb/legal-bert-base-uncased'], 'other': ['snowood1/ConfliBERT-scr-uncased', 'GroNLP/hateBERT']}, 'training_model': {'model_name': 'bert-base-uncased', 'epochs': 3, 'batch_size': 32, 'embedding_size': 512, 'return_attention_mask': True, 'cross_validation': True, 'save_model': True, 'store_statistics': True, 'test_model': True, 'add_special_tokes': True, 'max_length': 512, 'pad_to_max_length': True, 'run_in_gpu': True, 'classification_task': 'binary', 'learning_rate': '1e-6', 'epsilon_optimizer': '1e-8', 'weight_decay': 0, 'size_dataset': 0, 'mode_select_elems_dataset': 'random'}, 'active_training': {'size_splits_dataset': 8, 'classification_task': 'binary'}}
2023-02-11 11:14:32,780 | DEBUG | Col of interest <<trauma>>
2023-02-11 11:14:32,785 | DEBUG | classes_dataset <<[0, 1]>>
2023-02-11 11:14:32,785 | INFO | Using the whole dataset as it's not indicated explicitly something different [2]
2023-02-11 11:14:32,786 | DEBUG | Num of different classes in the dataset is 2 which are:
2023-02-11 11:14:32,786 | DEBUG | 	 1 - 0
2023-02-11 11:14:32,786 | DEBUG | 	 2 - 1
2023-02-11 11:14:32,787 | WARNING | 0    16536
1     2568
Name: trauma, dtype: int64
2023-02-11 11:14:33,574 | INFO | There are 1 GPU(s) available.

These are the available devices:
2023-02-11 11:14:33,579 | INFO | 	 1 - NVIDIA A100-SXM4-40GB
2023-02-11 11:14:33,579 | DEBUG | 

==> Selected device is 'cuda' <==
2023-02-11 11:14:33,579 | DEBUG | Loading tokenizer... [ID:bert];[Name:bert-base-uncased]
2023-02-11 11:14:34,848 | INFO | bert tokenizer was loaded successfully (bert-base-uncased)
	do_lower_case=True
2023-02-11 11:14:48,623 | INFO | Max sentence length: 467 found at index 13827. Sentence is:


So we thought we would have been spared because Father Munyeshyaka had forcefully kissed Hyacinthe, and Hyacinthe had come back crying.  And I told her that maybe the priest felt guilty and wanted to help her.  So *********************** and I told her that probably, on the next day, we would finally be saved. ************************************************************************ ********************** ************************************************************************ ********************************************* And the following day, in the morning, it is that list that they used to put people to death -- that list we ********************************.  But when they went out, I saw Father Munyeshyaka with that list in his hand and I recognised the sheet of paper, **************************************************************, and it is with that list that the Interahamwe killed people.



2023-02-11 11:15:06,208 | DEBUG | 0) Len of train_index=13754 VS len of val_index=3439
2023-02-11 11:15:06,229 | DEBUG | 1) Len of train_index=13754 VS len of val_index=3439
2023-02-11 11:15:06,250 | DEBUG | 2) Len of train_index=13754 VS len of val_index=3439
2023-02-11 11:15:06,271 | DEBUG | 3) Len of train_index=13755 VS len of val_index=3438
2023-02-11 11:15:06,291 | DEBUG | 4) Len of train_index=13755 VS len of val_index=3438
2023-02-11 11:15:15,847 | DEBUG | Optimizer
2023-02-11 11:15:15,848 | DEBUG | AdamW (
Parameter Group 0
    betas: (0.9, 0.999)
    correct_bias: True
    eps: 1e-08
    lr: 1e-06
    weight_decay: 0.0
)
2023-02-11 11:15:15,848 | DEBUG | ==================================================
2023-02-11 11:15:15,848 | DEBUG | Cross-Validation Split 1/5
2023-02-11 11:15:15,849 | DEBUG | ==================================================
2023-02-11 11:15:15,849 | DEBUG | 
2023-02-11 11:15:15,849 | INFO | ======== Epoch 1 / 3 ========
2023-02-11 11:15:15,849 | INFO | Training...
2023-02-11 11:16:29,043 | DEBUG |   Batch   100  of    430.    Elapsed: 0:01:13.
2023-02-11 11:17:40,697 | DEBUG |   Batch   200  of    430.    Elapsed: 0:02:25.
2023-02-11 11:18:53,868 | DEBUG |   Batch   300  of    430.    Elapsed: 0:03:38.
2023-02-11 11:20:08,626 | DEBUG |   Batch   400  of    430.    Elapsed: 0:04:53.
2023-02-11 11:20:31,173 | INFO | Epoch 1 : 
            Train_acc : 0.8020117858014241
            Train_precision (macro, micro): [0.61155385 0.80201179]
            Train_recall  (macro, micro): [0.57994774 0.80201179]
            Train_F1 : [0.57529018 0.80201179]
2023-02-11 11:20:31,174 | DEBUG | 
2023-02-11 11:20:31,174 | INFO |   Average training loss: 0.40
2023-02-11 11:20:31,174 | INFO |   Training epoch took: 0:05:15
2023-02-11 11:20:31,195 | INFO | Classification report. TRAINING at epoch 1 
               precision    recall  f1-score   support

           0       0.90      0.95      0.93     11887
           1       0.55      0.36      0.44      1867

    accuracy                           0.87     13754
   macro avg       0.73      0.66      0.68     13754
weighted avg       0.86      0.87      0.86     13754

2023-02-11 11:20:31,195 | DEBUG | 
2023-02-11 11:20:31,195 | INFO | Running Validation...
2023-02-11 11:20:55,635 | INFO | Epoch 1 : 
                Valid_acc : 0.9045181987036843
                Valid_precision (macro, micro): [0.77776609 0.9045182 ]
                Valid_recall (macro, micro): [0.84962069 0.9045182 ]
                Valid_F1 (macro, micro): [0.80625164 0.9045182 ]
2023-02-11 11:20:55,635 | INFO |   Accuracy: 0.90
2023-02-11 11:20:55,636 | INFO |   Validation Loss: 0.23
2023-02-11 11:20:55,636 | INFO |   Validation took: 0:00:24
2023-02-11 11:20:55,643 | INFO | Classification report. VALIDATION at epoch 1 
               precision    recall  f1-score   support

           0       0.97      0.92      0.94      2995
           1       0.60      0.79      0.68       444

    accuracy                           0.90      3439
   macro avg       0.78      0.86      0.81      3439
weighted avg       0.92      0.90      0.91      3439

2023-02-11 11:20:55,644 | DEBUG | 
2023-02-11 11:20:55,644 | INFO | ======== Epoch 2 / 3 ========
2023-02-11 11:20:55,645 | INFO | Training...
2023-02-11 11:22:06,003 | DEBUG |   Batch   100  of    430.    Elapsed: 0:01:10.
2023-02-11 11:23:17,831 | DEBUG |   Batch   200  of    430.    Elapsed: 0:02:22.
2023-02-11 11:24:31,099 | DEBUG |   Batch   300  of    430.    Elapsed: 0:03:35.
2023-02-11 11:25:45,827 | DEBUG |   Batch   400  of    430.    Elapsed: 0:04:50.
2023-02-11 11:26:08,437 | INFO | Epoch 2 : 
            Train_acc : 0.9311690153367982
            Train_precision (macro, micro): [0.85369252 0.93116902]
            Train_recall  (macro, micro): [0.84780973 0.93116902]
            Train_F1 : [0.85047769 0.93116902]
2023-02-11 11:26:08,438 | DEBUG | 
2023-02-11 11:26:08,438 | INFO |   Average training loss: 0.31
2023-02-11 11:26:08,438 | INFO |   Training epoch took: 0:05:13
2023-02-11 11:26:08,459 | INFO | Classification report. TRAINING at epoch 2 
               precision    recall  f1-score   support

           0       0.96      0.96      0.96     11887
           1       0.76      0.73      0.75      1867

    accuracy                           0.93     13754
   macro avg       0.86      0.85      0.85     13754
weighted avg       0.93      0.93      0.93     13754

2023-02-11 11:26:08,459 | DEBUG | 
2023-02-11 11:26:08,459 | INFO | Running Validation...
2023-02-11 11:26:32,905 | INFO | Epoch 2 : 
                Valid_acc : 0.9250634273370665
                Valid_precision (macro, micro): [0.83213013 0.92506343]
                Valid_recall (macro, micro): [0.84692351 0.92506343]
                Valid_F1 (macro, micro): [0.83883457 0.92506343]
2023-02-11 11:26:32,906 | INFO |   Accuracy: 0.92
2023-02-11 11:26:32,906 | INFO |   Validation Loss: 0.21
2023-02-11 11:26:32,906 | INFO |   Validation took: 0:00:24
2023-02-11 11:26:32,913 | INFO | Classification report. VALIDATION at epoch 2 
               precision    recall  f1-score   support

           0       0.96      0.94      0.95      2995
           1       0.67      0.76      0.71       444

    accuracy                           0.92      3439
   macro avg       0.82      0.85      0.83      3439
weighted avg       0.93      0.92      0.92      3439

2023-02-11 11:26:32,914 | DEBUG | 
2023-02-11 11:26:32,914 | INFO | ======== Epoch 3 / 3 ========
2023-02-11 11:26:32,914 | INFO | Training...
2023-02-11 11:27:43,345 | DEBUG |   Batch   100  of    430.    Elapsed: 0:01:10.
2023-02-11 11:28:55,091 | DEBUG |   Batch   200  of    430.    Elapsed: 0:02:22.
2023-02-11 11:30:08,357 | DEBUG |   Batch   300  of    430.    Elapsed: 0:03:35.
2023-02-11 11:31:23,229 | DEBUG |   Batch   400  of    430.    Elapsed: 0:04:50.
2023-02-11 11:31:45,869 | INFO | Epoch 3 : 
            Train_acc : 0.9585353637250573
            Train_precision (macro, micro): [0.90977233 0.95853536]
            Train_recall  (macro, micro): [0.90987076 0.95853536]
            Train_F1 : [0.90973386 0.95853536]
2023-02-11 11:31:45,870 | DEBUG | 
2023-02-11 11:31:45,870 | INFO |   Average training loss: 0.27
2023-02-11 11:31:45,870 | INFO |   Training epoch took: 0:05:13
2023-02-11 11:31:45,891 | INFO | Classification report. TRAINING at epoch 3 
               precision    recall  f1-score   support

           0       0.98      0.98      0.98     11887
           1       0.86      0.85      0.86      1867

    accuracy                           0.96     13754
   macro avg       0.92      0.91      0.92     13754
weighted avg       0.96      0.96      0.96     13754

2023-02-11 11:31:45,891 | DEBUG | 
2023-02-11 11:31:45,891 | INFO | Running Validation...
2023-02-11 11:32:10,338 | INFO | Epoch 3 : 
                Valid_acc : 0.922793581441691
                Valid_precision (macro, micro): [0.81601915 0.92279358]
                Valid_recall (macro, micro): [0.86446778 0.92279358]
                Valid_F1 (macro, micro): [0.83717918 0.92279358]
2023-02-11 11:32:10,338 | INFO |   Accuracy: 0.92
2023-02-11 11:32:10,338 | INFO |   Validation Loss: 0.21
2023-02-11 11:32:10,338 | INFO |   Validation took: 0:00:24
2023-02-11 11:32:10,346 | INFO | Classification report. VALIDATION at epoch 3 
               precision    recall  f1-score   support

           0       0.97      0.95      0.96      2995
           1       0.68      0.77      0.72       444

    accuracy                           0.92      3439
   macro avg       0.82      0.86      0.84      3439
weighted avg       0.93      0.92      0.93      3439

2023-02-11 11:32:10,346 | DEBUG | 
2023-02-11 11:32:10,347 | INFO | Training complete!
2023-02-11 11:32:10,347 | INFO | Total training took 0:16:54 (h:mm:ss)
2023-02-11 11:32:10,347 | DEBUG | ==================================================
2023-02-11 11:32:10,348 | DEBUG | Cross-Validation Split 2/5
2023-02-11 11:32:10,348 | DEBUG | ==================================================
2023-02-11 11:32:10,348 | DEBUG | 
2023-02-11 11:32:10,349 | INFO | ======== Epoch 1 / 3 ========
2023-02-11 11:32:10,349 | INFO | Training...
2023-02-11 11:33:20,696 | DEBUG |   Batch   100  of    430.    Elapsed: 0:01:10.
2023-02-11 11:34:32,571 | DEBUG |   Batch   200  of    430.    Elapsed: 0:02:22.
2023-02-11 11:35:45,789 | DEBUG |   Batch   300  of    430.    Elapsed: 0:03:35.
2023-02-11 11:37:00,599 | DEBUG |   Batch   400  of    430.    Elapsed: 0:04:50.
2023-02-11 11:37:23,234 | INFO | Epoch 1 : 
            Train_acc : 0.9585013698869409
            Train_precision (macro, micro): [0.91102086 0.95850137]
            Train_recall  (macro, micro): [0.90210037 0.95850137]
            Train_F1 : [0.90636156 0.95850137]
2023-02-11 11:37:23,235 | DEBUG | 
2023-02-11 11:37:23,235 | INFO |   Average training loss: 0.28
2023-02-11 11:37:23,235 | INFO |   Training epoch took: 0:05:13
2023-02-11 11:37:23,256 | INFO | Classification report. TRAINING at epoch 1 
               precision    recall  f1-score   support

           0       0.97      0.97      0.97     11919
           1       0.84      0.83      0.83      1835

    accuracy                           0.96     13754
   macro avg       0.90      0.90      0.90     13754
weighted avg       0.96      0.96      0.96     13754

2023-02-11 11:37:23,256 | DEBUG | 
2023-02-11 11:37:23,256 | INFO | Running Validation...
2023-02-11 11:37:47,739 | INFO | Epoch 1 : 
                Valid_acc : 0.9612926592036686
                Valid_precision (macro, micro): [0.95599688 0.96129266]
                Valid_recall (macro, micro): [0.88041915 0.96129266]
                Valid_F1 (macro, micro): [0.91318246 0.96129266]
2023-02-11 11:37:47,739 | INFO |   Accuracy: 0.96
2023-02-11 11:37:47,740 | INFO |   Validation Loss: 0.13
2023-02-11 11:37:47,740 | INFO |   Validation took: 0:00:24
2023-02-11 11:37:47,747 | INFO | Classification report. VALIDATION at epoch 1 
               precision    recall  f1-score   support

           0       0.97      0.99      0.98      2963
           1       0.95      0.78      0.86       476

    accuracy                           0.96      3439
   macro avg       0.96      0.89      0.92      3439
weighted avg       0.96      0.96      0.96      3439

2023-02-11 11:37:47,748 | DEBUG | 
2023-02-11 11:37:47,748 | INFO | ======== Epoch 2 / 3 ========
2023-02-11 11:37:47,748 | INFO | Training...
2023-02-11 11:38:58,142 | DEBUG |   Batch   100  of    430.    Elapsed: 0:01:10.
2023-02-11 11:40:09,931 | DEBUG |   Batch   200  of    430.    Elapsed: 0:02:22.
2023-02-11 11:41:23,234 | DEBUG |   Batch   300  of    430.    Elapsed: 0:03:35.
2023-02-11 11:42:38,089 | DEBUG |   Batch   400  of    430.    Elapsed: 0:04:50.
2023-02-11 11:43:00,688 | INFO | Epoch 2 : 
            Train_acc : 0.9628082673362117
            Train_precision (macro, micro): [0.92496504 0.96280827]
            Train_recall  (macro, micro): [0.91068905 0.96280827]
            Train_F1 : [0.9174408  0.96280827]
2023-02-11 11:43:00,689 | DEBUG | 
2023-02-11 11:43:00,689 | INFO |   Average training loss: 0.26
2023-02-11 11:43:00,689 | INFO |   Training epoch took: 0:05:13
2023-02-11 11:43:00,710 | INFO | Classification report. TRAINING at epoch 2 
               precision    recall  f1-score   support

           0       0.98      0.98      0.98     11919
           1       0.88      0.85      0.86      1835

    accuracy                           0.96     13754
   macro avg       0.93      0.91      0.92     13754
weighted avg       0.96      0.96      0.96     13754

2023-02-11 11:43:00,710 | DEBUG | 
2023-02-11 11:43:00,710 | INFO | Running Validation...
2023-02-11 11:43:25,186 | INFO | Epoch 2 : 
                Valid_acc : 0.9724255937117815
                Valid_precision (macro, micro): [0.94516538 0.97242559]
                Valid_recall (macro, micro): [0.93377224 0.97242559]
                Valid_F1 (macro, micro): [0.93932595 0.97242559]
2023-02-11 11:43:25,187 | INFO |   Accuracy: 0.97
2023-02-11 11:43:25,187 | INFO |   Validation Loss: 0.12
2023-02-11 11:43:25,187 | INFO |   Validation took: 0:00:24
2023-02-11 11:43:25,194 | INFO | Classification report. VALIDATION at epoch 2 
               precision    recall  f1-score   support

           0       0.98      0.99      0.98      2963
           1       0.92      0.88      0.90       476

    accuracy                           0.97      3439
   macro avg       0.95      0.93      0.94      3439
weighted avg       0.97      0.97      0.97      3439

2023-02-11 11:43:25,196 | DEBUG | 
2023-02-11 11:43:25,196 | INFO | ======== Epoch 3 / 3 ========
2023-02-11 11:43:25,196 | INFO | Training...
2023-02-11 11:44:35,570 | DEBUG |   Batch   100  of    430.    Elapsed: 0:01:10.
2023-02-11 11:45:47,354 | DEBUG |   Batch   200  of    430.    Elapsed: 0:02:22.
2023-02-11 11:47:00,614 | DEBUG |   Batch   300  of    430.    Elapsed: 0:03:35.
2023-02-11 11:48:15,527 | DEBUG |   Batch   400  of    430.    Elapsed: 0:04:50.
2023-02-11 11:48:38,172 | INFO | Epoch 3 : 
            Train_acc : 0.9788736555757217
            Train_precision (macro, micro): [0.95356802 0.97887366]
            Train_recall  (macro, micro): [0.95471357 0.97887366]
            Train_F1 : [0.95410591 0.97887366]
2023-02-11 11:48:38,173 | DEBUG | 
2023-02-11 11:48:38,173 | INFO |   Average training loss: 0.24
2023-02-11 11:48:38,173 | INFO |   Training epoch took: 0:05:13
2023-02-11 11:48:38,194 | INFO | Classification report. TRAINING at epoch 3 
               precision    recall  f1-score   support

           0       0.99      0.99      0.99     11919
           1       0.93      0.94      0.93      1835

    accuracy                           0.98     13754
   macro avg       0.96      0.96      0.96     13754
weighted avg       0.98      0.98      0.98     13754

2023-02-11 11:48:38,194 | DEBUG | 
2023-02-11 11:48:38,194 | INFO | Running Validation...
2023-02-11 11:49:02,632 | INFO | Epoch 3 : 
                Valid_acc : 0.9701869744741638
                Valid_precision (macro, micro): [0.93617171 0.97018697]
                Valid_recall (macro, micro): [0.94506705 0.97018697]
                Valid_F1 (macro, micro): [0.94048593 0.97018697]
2023-02-11 11:49:02,633 | INFO |   Accuracy: 0.97
2023-02-11 11:49:02,633 | INFO |   Validation Loss: 0.11
2023-02-11 11:49:02,633 | INFO |   Validation took: 0:00:24
2023-02-11 11:49:02,640 | INFO | Classification report. VALIDATION at epoch 3 
               precision    recall  f1-score   support

           0       0.99      0.98      0.98      2963
           1       0.88      0.92      0.90       476

    accuracy                           0.97      3439
   macro avg       0.94      0.95      0.94      3439
weighted avg       0.97      0.97      0.97      3439

2023-02-11 11:49:02,641 | DEBUG | 
2023-02-11 11:49:02,641 | INFO | Training complete!
2023-02-11 11:49:02,641 | INFO | Total training took 0:16:52 (h:mm:ss)
2023-02-11 11:49:02,642 | DEBUG | ==================================================
2023-02-11 11:49:02,642 | DEBUG | Cross-Validation Split 3/5
2023-02-11 11:49:02,642 | DEBUG | ==================================================
2023-02-11 11:49:02,643 | DEBUG | 
2023-02-11 11:49:02,643 | INFO | ======== Epoch 1 / 3 ========
2023-02-11 11:49:02,643 | INFO | Training...
2023-02-11 11:50:13,019 | DEBUG |   Batch   100  of    430.    Elapsed: 0:01:10.
2023-02-11 11:51:24,766 | DEBUG |   Batch   200  of    430.    Elapsed: 0:02:22.
2023-02-11 11:52:38,065 | DEBUG |   Batch   300  of    430.    Elapsed: 0:03:35.
2023-02-11 11:53:52,851 | DEBUG |   Batch   400  of    430.    Elapsed: 0:04:50.
2023-02-11 11:54:15,458 | INFO | Epoch 1 : 
            Train_acc : 0.9765058277182656
            Train_precision (macro, micro): [0.94505154 0.97650583]
            Train_recall  (macro, micro): [0.95149038 0.97650583]
            Train_F1 : [0.94812637 0.97650583]
2023-02-11 11:54:15,458 | DEBUG | 
2023-02-11 11:54:15,458 | INFO |   Average training loss: 0.25
2023-02-11 11:54:15,458 | INFO |   Training epoch took: 0:05:13
2023-02-11 11:54:15,479 | INFO | Classification report. TRAINING at epoch 1 
               precision    recall  f1-score   support

           0       0.99      0.99      0.99     11910
           1       0.90      0.90      0.90      1844

    accuracy                           0.97     13754
   macro avg       0.94      0.94      0.94     13754
weighted avg       0.97      0.97      0.97     13754

2023-02-11 11:54:15,480 | DEBUG | 
2023-02-11 11:54:15,480 | INFO | Running Validation...
2023-02-11 11:54:39,918 | INFO | Epoch 1 : 
                Valid_acc : 0.9904656663613509
                Valid_precision (macro, micro): [0.97407305 0.99046567]
                Valid_recall (macro, micro): [0.98736786 0.99046567]
                Valid_F1 (macro, micro): [0.980522   0.99046567]
2023-02-11 11:54:39,918 | INFO |   Accuracy: 0.99
2023-02-11 11:54:39,919 | INFO |   Validation Loss: 0.09
2023-02-11 11:54:39,919 | INFO |   Validation took: 0:00:24
2023-02-11 11:54:39,926 | INFO | Classification report. VALIDATION at epoch 1 
               precision    recall  f1-score   support

           0       1.00      0.99      0.99      2972
           1       0.94      0.98      0.96       467

    accuracy                           0.99      3439
   macro avg       0.97      0.99      0.98      3439
weighted avg       0.99      0.99      0.99      3439

2023-02-11 11:54:39,927 | DEBUG | 
2023-02-11 11:54:39,927 | INFO | ======== Epoch 2 / 3 ========
2023-02-11 11:54:39,927 | INFO | Training...
2023-02-11 11:55:50,258 | DEBUG |   Batch   100  of    430.    Elapsed: 0:01:10.
2023-02-11 11:57:02,047 | DEBUG |   Batch   200  of    430.    Elapsed: 0:02:22.
2023-02-11 11:58:15,372 | DEBUG |   Batch   300  of    430.    Elapsed: 0:03:35.
2023-02-11 11:59:30,138 | DEBUG |   Batch   400  of    430.    Elapsed: 0:04:50.
2023-02-11 11:59:52,763 | INFO | Epoch 2 : 
            Train_acc : 0.9847678904847819
            Train_precision (macro, micro): [0.9671316  0.98476789]
            Train_recall  (macro, micro): [0.96674865 0.98476789]
            Train_F1 : [0.96691534 0.98476789]
2023-02-11 11:59:52,763 | DEBUG | 
2023-02-11 11:59:52,763 | INFO |   Average training loss: 0.23
2023-02-11 11:59:52,764 | INFO |   Training epoch took: 0:05:13
2023-02-11 11:59:52,785 | INFO | Classification report. TRAINING at epoch 2 
               precision    recall  f1-score   support

           0       0.99      0.99      0.99     11910
           1       0.93      0.94      0.94      1844

    accuracy                           0.98     13754
   macro avg       0.96      0.96      0.96     13754
weighted avg       0.98      0.98      0.98     13754

2023-02-11 11:59:52,785 | DEBUG | 
2023-02-11 11:59:52,785 | INFO | Running Validation...
2023-02-11 12:00:17,223 | INFO | Epoch 2 : 
                Valid_acc : 0.9892016352318478
                Valid_precision (macro, micro): [0.97269152 0.98920164]
                Valid_recall (macro, micro): [0.98005881 0.98920164]
                Valid_F1 (macro, micro): [0.97624054 0.98920164]
2023-02-11 12:00:17,223 | INFO |   Accuracy: 0.99
2023-02-11 12:00:17,223 | INFO |   Validation Loss: 0.08
2023-02-11 12:00:17,224 | INFO |   Validation took: 0:00:24
2023-02-11 12:00:17,231 | INFO | Classification report. VALIDATION at epoch 2 
               precision    recall  f1-score   support

           0       1.00      0.99      0.99      2972
           1       0.94      0.98      0.96       467

    accuracy                           0.99      3439
   macro avg       0.97      0.99      0.98      3439
weighted avg       0.99      0.99      0.99      3439

2023-02-11 12:00:17,232 | DEBUG | 
2023-02-11 12:00:17,232 | INFO | ======== Epoch 3 / 3 ========
2023-02-11 12:00:17,232 | INFO | Training...
2023-02-11 12:01:27,556 | DEBUG |   Batch   100  of    430.    Elapsed: 0:01:10.
2023-02-11 12:02:39,307 | DEBUG |   Batch   200  of    430.    Elapsed: 0:02:22.
2023-02-11 12:03:52,558 | DEBUG |   Batch   300  of    430.    Elapsed: 0:03:35.
2023-02-11 12:05:07,310 | DEBUG |   Batch   400  of    430.    Elapsed: 0:04:50.
2023-02-11 12:05:29,934 | INFO | Epoch 3 : 
            Train_acc : 0.9900727193248776
            Train_precision (macro, micro): [0.97835771 0.99007272]
            Train_recall  (macro, micro): [0.97808194 0.99007272]
            Train_F1 : [0.97821387 0.99007272]
2023-02-11 12:05:29,934 | DEBUG | 
2023-02-11 12:05:29,934 | INFO |   Average training loss: 0.22
2023-02-11 12:05:29,935 | INFO |   Training epoch took: 0:05:13
2023-02-11 12:05:29,955 | INFO | Classification report. TRAINING at epoch 3 
               precision    recall  f1-score   support

           0       0.99      0.99      0.99     11910
           1       0.97      0.96      0.96      1844

    accuracy                           0.99     13754
   macro avg       0.98      0.98      0.98     13754
weighted avg       0.99      0.99      0.99     13754

2023-02-11 12:05:29,955 | DEBUG | 
2023-02-11 12:05:29,955 | INFO | Running Validation...
2023-02-11 12:05:54,427 | INFO | Epoch 3 : 
                Valid_acc : 0.9849757703890901
                Valid_precision (macro, micro): [0.95602977 0.98497577]
                Valid_recall (macro, micro): [0.98569375 0.98497577]
                Valid_F1 (macro, micro): [0.9701089  0.98497577]
2023-02-11 12:05:54,428 | INFO |   Accuracy: 0.99
2023-02-11 12:05:54,428 | INFO |   Validation Loss: 0.08
2023-02-11 12:05:54,428 | INFO |   Validation took: 0:00:24
2023-02-11 12:05:54,435 | INFO | Classification report. VALIDATION at epoch 3 
               precision    recall  f1-score   support

           0       1.00      0.99      0.99      2972
           1       0.92      0.99      0.95       467

    accuracy                           0.99      3439
   macro avg       0.96      0.99      0.97      3439
weighted avg       0.99      0.99      0.99      3439

2023-02-11 12:05:54,436 | DEBUG | 
2023-02-11 12:05:54,436 | INFO | Training complete!
2023-02-11 12:05:54,436 | INFO | Total training took 0:16:52 (h:mm:ss)
2023-02-11 12:05:54,437 | DEBUG | ==================================================
2023-02-11 12:05:54,437 | DEBUG | Cross-Validation Split 4/5
2023-02-11 12:05:54,437 | DEBUG | ==================================================
2023-02-11 12:05:54,438 | DEBUG | 
2023-02-11 12:05:54,438 | INFO | ======== Epoch 1 / 3 ========
2023-02-11 12:05:54,438 | INFO | Training...
2023-02-11 12:07:04,800 | DEBUG |   Batch   100  of    430.    Elapsed: 0:01:10.
2023-02-11 12:08:16,611 | DEBUG |   Batch   200  of    430.    Elapsed: 0:02:22.
2023-02-11 12:09:29,829 | DEBUG |   Batch   300  of    430.    Elapsed: 0:03:35.
2023-02-11 12:10:44,592 | DEBUG |   Batch   400  of    430.    Elapsed: 0:04:50.
2023-02-11 12:11:07,227 | INFO | Epoch 1 : 
            Train_acc : 0.9887686790710466
            Train_precision (macro, micro): [0.97498128 0.98876868]
            Train_recall  (macro, micro): [0.97550022 0.98876868]
            Train_F1 : [0.97522646 0.98876868]
2023-02-11 12:11:07,227 | DEBUG | 
2023-02-11 12:11:07,228 | INFO |   Average training loss: 0.22
2023-02-11 12:11:07,228 | INFO |   Training epoch took: 0:05:13
2023-02-11 12:11:07,247 | INFO | Classification report. TRAINING at epoch 1 
               precision    recall  f1-score   support

           0       0.99      0.99      0.99     11909
           1       0.96      0.95      0.95      1846

    accuracy                           0.99     13755
   macro avg       0.97      0.97      0.97     13755
weighted avg       0.99      0.99      0.99     13755

2023-02-11 12:11:07,248 | DEBUG | 
2023-02-11 12:11:07,248 | INFO | Running Validation...
2023-02-11 12:11:31,712 | INFO | Epoch 1 : 
                Valid_acc : 0.9919327753566685
                Valid_precision (macro, micro): [0.98940385 0.99193278]
                Valid_recall (macro, micro): [0.97839799 0.99193278]
                Valid_F1 (macro, micro): [0.983763   0.99193278]
2023-02-11 12:11:31,712 | INFO |   Accuracy: 0.99
2023-02-11 12:11:31,713 | INFO |   Validation Loss: 0.07
2023-02-11 12:11:31,713 | INFO |   Validation took: 0:00:24
2023-02-11 12:11:31,720 | INFO | Classification report. VALIDATION at epoch 1 
               precision    recall  f1-score   support

           0       0.99      1.00      1.00      2973
           1       0.98      0.96      0.97       465

    accuracy                           0.99      3438
   macro avg       0.99      0.98      0.98      3438
weighted avg       0.99      0.99      0.99      3438

2023-02-11 12:11:31,721 | DEBUG | 
2023-02-11 12:11:31,721 | INFO | ======== Epoch 2 / 3 ========
2023-02-11 12:11:31,721 | INFO | Training...
2023-02-11 12:12:42,092 | DEBUG |   Batch   100  of    430.    Elapsed: 0:01:10.
2023-02-11 12:13:53,904 | DEBUG |   Batch   200  of    430.    Elapsed: 0:02:22.
2023-02-11 12:15:07,210 | DEBUG |   Batch   300  of    430.    Elapsed: 0:03:35.
2023-02-11 12:16:22,071 | DEBUG |   Batch   400  of    430.    Elapsed: 0:04:50.
2023-02-11 12:16:44,708 | INFO | Epoch 2 : 
            Train_acc : 0.9933187572889282
            Train_precision (macro, micro): [0.98628601 0.99331876]
            Train_recall  (macro, micro): [0.98540331 0.99331876]
            Train_F1 : [0.98583624 0.99331876]
2023-02-11 12:16:44,709 | DEBUG | 
2023-02-11 12:16:44,709 | INFO |   Average training loss: 0.21
2023-02-11 12:16:44,709 | INFO |   Training epoch took: 0:05:13
2023-02-11 12:16:44,730 | INFO | Classification report. TRAINING at epoch 2 
               precision    recall  f1-score   support

           0       1.00      1.00      1.00     11909
           1       0.98      0.98      0.98      1846

    accuracy                           0.99     13755
   macro avg       0.99      0.99      0.99     13755
weighted avg       0.99      0.99      0.99     13755

2023-02-11 12:16:44,730 | DEBUG | 
2023-02-11 12:16:44,731 | INFO | Running Validation...
2023-02-11 12:17:09,212 | INFO | Epoch 2 : 
                Valid_acc : 0.9901510057443764
                Valid_precision (macro, micro): [0.98087577 0.99015101]
                Valid_recall (macro, micro): [0.97936944 0.99015101]
                Valid_F1 (macro, micro): [0.9800674  0.99015101]
2023-02-11 12:17:09,212 | INFO |   Accuracy: 0.99
2023-02-11 12:17:09,212 | INFO |   Validation Loss: 0.07
2023-02-11 12:17:09,212 | INFO |   Validation took: 0:00:24
2023-02-11 12:17:09,220 | INFO | Classification report. VALIDATION at epoch 2 
               precision    recall  f1-score   support

           0       1.00      1.00      1.00      2973
           1       0.98      0.97      0.98       465

    accuracy                           0.99      3438
   macro avg       0.99      0.98      0.99      3438
weighted avg       0.99      0.99      0.99      3438

2023-02-11 12:17:09,221 | DEBUG | 
2023-02-11 12:17:09,221 | INFO | ======== Epoch 3 / 3 ========
2023-02-11 12:17:09,221 | INFO | Training...
2023-02-11 12:18:19,593 | DEBUG |   Batch   100  of    430.    Elapsed: 0:01:10.
2023-02-11 12:19:31,402 | DEBUG |   Batch   200  of    430.    Elapsed: 0:02:22.
2023-02-11 12:20:44,697 | DEBUG |   Batch   300  of    430.    Elapsed: 0:03:35.
2023-02-11 12:21:59,510 | DEBUG |   Batch   400  of    430.    Elapsed: 0:04:50.
2023-02-11 12:22:22,149 | INFO | Epoch 3 : 
            Train_acc : 0.9962985948797284
            Train_precision (macro, micro): [0.99256665 0.99629859]
            Train_recall  (macro, micro): [0.99147763 0.99629859]
            Train_F1 : [0.99201609 0.99629859]
2023-02-11 12:22:22,150 | DEBUG | 
2023-02-11 12:22:22,150 | INFO |   Average training loss: 0.21
2023-02-11 12:22:22,150 | INFO |   Training epoch took: 0:05:13
2023-02-11 12:22:22,171 | INFO | Classification report. TRAINING at epoch 3 
               precision    recall  f1-score   support

           0       1.00      1.00      1.00     11909
           1       0.99      0.99      0.99      1846

    accuracy                           1.00     13755
   macro avg       0.99      0.99      0.99     13755
weighted avg       1.00      1.00      1.00     13755

2023-02-11 12:22:22,171 | DEBUG | 
2023-02-11 12:22:22,172 | INFO | Running Validation...
2023-02-11 12:22:46,619 | INFO | Epoch 3 : 
                Valid_acc : 0.9935668950392973
                Valid_precision (macro, micro): [0.98790307 0.9935669 ]
                Valid_recall (macro, micro): [0.98310495 0.9935669 ]
                Valid_F1 (macro, micro): [0.98544632 0.9935669 ]
2023-02-11 12:22:46,620 | INFO |   Accuracy: 0.99
2023-02-11 12:22:46,620 | INFO |   Validation Loss: 0.07
2023-02-11 12:22:46,620 | INFO |   Validation took: 0:00:24
2023-02-11 12:22:46,628 | INFO | Classification report. VALIDATION at epoch 3 
               precision    recall  f1-score   support

           0       1.00      1.00      1.00      2973
           1       0.97      0.97      0.97       465

    accuracy                           0.99      3438
   macro avg       0.99      0.99      0.99      3438
weighted avg       0.99      0.99      0.99      3438

2023-02-11 12:22:46,628 | DEBUG | 
2023-02-11 12:22:46,628 | INFO | Training complete!
2023-02-11 12:22:46,629 | INFO | Total training took 0:16:52 (h:mm:ss)
2023-02-11 12:22:46,629 | DEBUG | ==================================================
2023-02-11 12:22:46,630 | DEBUG | Cross-Validation Split 5/5
2023-02-11 12:22:46,630 | DEBUG | ==================================================
2023-02-11 12:22:46,630 | DEBUG | 
2023-02-11 12:22:46,630 | INFO | ======== Epoch 1 / 3 ========
2023-02-11 12:22:46,630 | INFO | Training...
2023-02-11 12:23:57,004 | DEBUG |   Batch   100  of    430.    Elapsed: 0:01:10.
2023-02-11 12:25:08,817 | DEBUG |   Batch   200  of    430.    Elapsed: 0:02:22.
2023-02-11 12:26:22,092 | DEBUG |   Batch   300  of    430.    Elapsed: 0:03:35.
2023-02-11 12:27:36,910 | DEBUG |   Batch   400  of    430.    Elapsed: 0:04:50.
2023-02-11 12:27:59,518 | INFO | Epoch 1 : 
            Train_acc : 0.9930899952117717
            Train_precision (macro, micro): [0.98642408 0.99309   ]
            Train_recall  (macro, micro): [0.98424913 0.99309   ]
            Train_F1 : [0.98532374 0.99309   ]
2023-02-11 12:27:59,518 | DEBUG | 
2023-02-11 12:27:59,518 | INFO |   Average training loss: 0.22
2023-02-11 12:27:59,518 | INFO |   Training epoch took: 0:05:13
2023-02-11 12:27:59,539 | INFO | Classification report. TRAINING at epoch 1 
               precision    recall  f1-score   support

           0       0.99      1.00      0.99     11903
           1       0.97      0.97      0.97      1852

    accuracy                           0.99     13755
   macro avg       0.98      0.98      0.98     13755
weighted avg       0.99      0.99      0.99     13755

2023-02-11 12:27:59,539 | DEBUG | 
2023-02-11 12:27:59,540 | INFO | Running Validation...
2023-02-11 12:28:23,965 | INFO | Epoch 1 : 
                Valid_acc : 0.9963506673741205
                Valid_precision (macro, micro): [0.98962668 0.99635067]
                Valid_recall (macro, micro): [0.99459496 0.99635067]
                Valid_F1 (macro, micro): [0.99207275 0.99635067]
2023-02-11 12:28:23,965 | INFO |   Accuracy: 1.00
2023-02-11 12:28:23,965 | INFO |   Validation Loss: 0.06
2023-02-11 12:28:23,965 | INFO |   Validation took: 0:00:24
2023-02-11 12:28:23,973 | INFO | Classification report. VALIDATION at epoch 1 
               precision    recall  f1-score   support

           0       1.00      1.00      1.00      2979
           1       0.99      1.00      0.99       459

    accuracy                           1.00      3438
   macro avg       0.99      1.00      0.99      3438
weighted avg       1.00      1.00      1.00      3438

2023-02-11 12:28:23,974 | DEBUG | 
2023-02-11 12:28:23,974 | INFO | ======== Epoch 2 / 3 ========
2023-02-11 12:28:23,974 | INFO | Training...
2023-02-11 12:29:34,321 | DEBUG |   Batch   100  of    430.    Elapsed: 0:01:10.
2023-02-11 12:30:46,148 | DEBUG |   Batch   200  of    430.    Elapsed: 0:02:22.
2023-02-11 12:31:59,431 | DEBUG |   Batch   300  of    430.    Elapsed: 0:03:35.
2023-02-11 12:33:14,292 | DEBUG |   Batch   400  of    430.    Elapsed: 0:04:50.
2023-02-11 12:33:36,948 | INFO | Epoch 2 : 
            Train_acc : 0.9956034333789514
            Train_precision (macro, micro): [0.99065546 0.99560343]
            Train_recall  (macro, micro): [0.99072917 0.99560343]
            Train_F1 : [0.99067492 0.99560343]
2023-02-11 12:33:36,949 | DEBUG | 
2023-02-11 12:33:36,949 | INFO |   Average training loss: 0.21
2023-02-11 12:33:36,949 | INFO |   Training epoch took: 0:05:13
2023-02-11 12:33:36,970 | INFO | Classification report. TRAINING at epoch 2 
               precision    recall  f1-score   support

           0       1.00      1.00      1.00     11903
           1       0.99      0.98      0.99      1852

    accuracy                           1.00     13755
   macro avg       0.99      0.99      0.99     13755
weighted avg       1.00      1.00      1.00     13755

2023-02-11 12:33:36,970 | DEBUG | 
2023-02-11 12:33:36,971 | INFO | Running Validation...
2023-02-11 12:34:01,420 | INFO | Epoch 2 : 
                Valid_acc : 0.9962282619044884
                Valid_precision (macro, micro): [0.99004527 0.99622826]
                Valid_recall (macro, micro): [0.99440568 0.99622826]
                Valid_F1 (macro, micro): [0.99219178 0.99622826]
2023-02-11 12:34:01,421 | INFO |   Accuracy: 1.00
2023-02-11 12:34:01,421 | INFO |   Validation Loss: 0.06
2023-02-11 12:34:01,421 | INFO |   Validation took: 0:00:24
2023-02-11 12:34:01,428 | INFO | Classification report. VALIDATION at epoch 2 
               precision    recall  f1-score   support

           0       1.00      1.00      1.00      2979
           1       0.99      0.99      0.99       459

    accuracy                           1.00      3438
   macro avg       0.99      0.99      0.99      3438
weighted avg       1.00      1.00      1.00      3438

2023-02-11 12:34:01,430 | DEBUG | 
2023-02-11 12:34:01,430 | INFO | ======== Epoch 3 / 3 ========
2023-02-11 12:34:01,430 | INFO | Training...
2023-02-11 12:35:11,835 | DEBUG |   Batch   100  of    430.    Elapsed: 0:01:10.
2023-02-11 12:36:23,687 | DEBUG |   Batch   200  of    430.    Elapsed: 0:02:22.
2023-02-11 12:37:36,978 | DEBUG |   Batch   300  of    430.    Elapsed: 0:03:36.
2023-02-11 12:38:51,856 | DEBUG |   Batch   400  of    430.    Elapsed: 0:04:50.
2023-02-11 12:39:14,490 | INFO | Epoch 3 : 
            Train_acc : 0.9966033641602535
            Train_precision (macro, micro): [0.99327803 0.99660336]
            Train_recall  (macro, micro): [0.9920798  0.99660336]
            Train_F1 : [0.99265786 0.99660336]
2023-02-11 12:39:14,490 | DEBUG | 
2023-02-11 12:39:14,490 | INFO |   Average training loss: 0.21
2023-02-11 12:39:14,491 | INFO |   Training epoch took: 0:05:13
2023-02-11 12:39:14,511 | INFO | Classification report. TRAINING at epoch 3 
               precision    recall  f1-score   support

           0       1.00      1.00      1.00     11903
           1       0.99      0.99      0.99      1852

    accuracy                           1.00     13755
   macro avg       0.99      0.99      0.99     13755
weighted avg       1.00      1.00      1.00     13755

2023-02-11 12:39:14,511 | DEBUG | 
2023-02-11 12:39:14,511 | INFO | Running Validation...
2023-02-11 12:39:38,959 | INFO | Epoch 3 : 
                Valid_acc : 0.9972143493672382
                Valid_precision (macro, micro): [0.99132014 0.99721435]
                Valid_recall (macro, micro): [0.99656573 0.99721435]
                Valid_F1 (macro, micro): [0.99391578 0.99721435]
2023-02-11 12:39:38,959 | INFO |   Accuracy: 1.00
2023-02-11 12:39:38,960 | INFO |   Validation Loss: 0.06
2023-02-11 12:39:38,960 | INFO |   Validation took: 0:00:24
2023-02-11 12:39:38,967 | INFO | Classification report. VALIDATION at epoch 3 
               precision    recall  f1-score   support

           0       1.00      1.00      1.00      2979
           1       0.98      1.00      0.99       459

    accuracy                           1.00      3438
   macro avg       0.99      1.00      0.99      3438
weighted avg       1.00      1.00      1.00      3438

2023-02-11 12:39:38,968 | DEBUG | 
2023-02-11 12:39:38,968 | INFO | Training complete!
2023-02-11 12:39:38,968 | INFO | Total training took 0:16:52 (h:mm:ss)
2023-02-11 12:39:39,057 | INFO | To execute testing of the model on test_data
2023-02-11 12:39:39,057 | INFO | There are 1 GPU(s) available.

These are the available devices:
2023-02-11 12:39:39,059 | INFO | 	 1 - NVIDIA A100-SXM4-40GB
2023-02-11 12:39:39,059 | DEBUG | Running Testing...
2023-02-11 12:39:52,461 | INFO | 
        Test_acc : 0.9162284008517114
        Test_precision (macro, micro): [0.7955675 0.9162284]
        Test_recall (macro, micro): [0.84287691 0.9162284 ]
        Test_F1 (macro, micro): [0.81616075 0.9162284 ]
2023-02-11 12:39:52,462 | INFO |   Accuracy: 0.92
2023-02-11 12:39:52,462 | INFO |   Test Loss: 0.25
2023-02-11 12:39:52,462 | INFO |   Test took: 0:00:13
2023-02-11 12:39:52,468 | INFO | Classification report. TEST 
               precision    recall  f1-score   support

           0       0.96      0.94      0.95      1654
           1       0.67      0.75      0.71       257

    accuracy                           0.92      1911
   macro avg       0.82      0.85      0.83      1911
weighted avg       0.92      0.92      0.92      1911

2023-02-11 12:39:52,469 | INFO | From binary classification we present the following statistics: [[{'epoch': 1, 'Training Loss': 0.40413787160501924, 'Training Accur.': 0.8020117858014241, 'Training Precision (macro)': 0.6115538547016092, 'Training Precision (micro)': 0.8020117858014241, 'Training Recall (macro)': 0.5799477409627779, 'Training Recall (micro)': 0.8020117858014241, 'Training F1 (macro)': 0.5752901841752317, 'Training F1 (micro)': 0.8020117858014241, 'Valid. Loss': 0.23282639509825795, 'Valid. Accur.': 0.9047260802469135, 'Valid. Precision (macro)': 0.7777660938799302, 'Valid. Precision (micro)': 0.9045181987036843, 'Valid. Recall (macro)': 0.8496206870176768, 'Valid. Recall (micro)': 0.9045181987036843, 'Valid. F1 (macro)': 0.8062516376439353, 'Valid. F1 (micro)': 0.9045181987036843, 'Training Time': '0:05:15', 'Validation Time': '0:00:24'}, {'epoch': 2, 'Training Loss': 0.30615979838509894, 'Training Accur.': 0.9311690153367982, 'Training Precision (macro)': 0.8536925186697026, 'Training Precision (micro)': 0.9311690153367982, 'Training Recall (macro)': 0.8478097287359114, 'Training Recall (micro)': 0.9311690153367982, 'Training F1 (macro)': 0.8504776949032115, 'Training F1 (micro)': 0.9311690153367982, 'Valid. Loss': 0.20558869831815915, 'Valid. Accur.': 0.9212962962962963, 'Valid. Precision (macro)': 0.832130134051536, 'Valid. Precision (micro)': 0.9250634273370665, 'Valid. Recall (macro)': 0.8469235146605647, 'Valid. Recall (micro)': 0.9250634273370665, 'Valid. F1 (macro)': 0.8388345718821343, 'Valid. F1 (micro)': 0.9250634273370665, 'Training Time': '0:05:13', 'Validation Time': '0:00:24'}, {'epoch': 3, 'Training Loss': 0.26851190740979, 'Training Accur.': 0.9585353637250573, 'Training Precision (macro)': 0.9097723322333793, 'Training Precision (micro)': 0.9585353637250573, 'Training Recall (macro)': 0.9098707577873123, 'Training Recall (micro)': 0.9585353637250573, 'Training F1 (macro)': 0.9097338585765459, 'Training F1 (micro)': 0.9585353637250573, 'Valid. Loss': 0.2105715593185138, 'Valid. Accur.': 0.9229552469135802, 'Valid. Precision (macro)': 0.8160191461609977, 'Valid. Precision (micro)': 0.922793581441691, 'Valid. Recall (macro)': 0.8644677839926111, 'Valid. Recall (micro)': 0.922793581441691, 'Valid. F1 (macro)': 0.8371791848578096, 'Valid. F1 (micro)': 0.922793581441691, 'Training Time': '0:05:13', 'Validation Time': '0:00:24'}], [{'epoch': 1, 'Training Loss': 0.27676289317219754, 'Training Accur.': 0.9585013698869409, 'Training Precision (macro)': 0.9110208592002861, 'Training Precision (micro)': 0.9585013698869409, 'Training Recall (macro)': 0.9021003670681674, 'Training Recall (micro)': 0.9585013698869409, 'Training F1 (macro)': 0.9063615577443868, 'Training F1 (micro)': 0.9585013698869409, 'Valid. Loss': 0.13311542960366718, 'Valid. Accur.': 0.963792438271605, 'Valid. Precision (macro)': 0.9559968752726269, 'Valid. Precision (micro)': 0.9612926592036686, 'Valid. Recall (macro)': 0.8804191500878032, 'Valid. Recall (micro)': 0.9612926592036686, 'Valid. F1 (macro)': 0.9131824556441549, 'Valid. F1 (micro)': 0.9612926592036686, 'Training Time': '0:05:13', 'Validation Time': '0:00:24'}, {'epoch': 2, 'Training Loss': 0.2636772994731748, 'Training Accur.': 0.9628082673362117, 'Training Precision (macro)': 0.9249650368788941, 'Training Precision (micro)': 0.9628082673362117, 'Training Recall (macro)': 0.9106890506827799, 'Training Recall (micro)': 0.9628082673362117, 'Training F1 (macro)': 0.9174407955997294, 'Training F1 (micro)': 0.9628082673362117, 'Valid. Loss': 0.11758371049331294, 'Valid. Accur.': 0.9719328703703703, 'Valid. Precision (macro)': 0.9451653789675215, 'Valid. Precision (micro)': 0.9724255937117815, 'Valid. Recall (macro)': 0.9337722443098054, 'Valid. Recall (micro)': 0.9724255937117815, 'Valid. F1 (macro)': 0.9393259494787565, 'Valid. F1 (micro)': 0.9724255937117815, 'Training Time': '0:05:13', 'Validation Time': '0:00:24'}, {'epoch': 3, 'Training Loss': 0.2355583069975986, 'Training Accur.': 0.9788736555757217, 'Training Precision (macro)': 0.9535680219978084, 'Training Precision (micro)': 0.9788736555757217, 'Training Recall (macro)': 0.9547135683978696, 'Training Recall (micro)': 0.9788736555757217, 'Training F1 (macro)': 0.9541059061182697, 'Training F1 (micro)': 0.9788736555757217, 'Valid. Loss': 0.11139039536593137, 'Valid. Accur.': 0.9725115740740741, 'Valid. Precision (macro)': 0.9361717079312661, 'Valid. Precision (micro)': 0.9701869744741638, 'Valid. Recall (macro)': 0.9450670543231068, 'Valid. Recall (micro)': 0.9701869744741638, 'Valid. F1 (macro)': 0.9404859271821887, 'Valid. F1 (micro)': 0.9701869744741638, 'Training Time': '0:05:13', 'Validation Time': '0:00:24'}], [{'epoch': 1, 'Training Loss': 0.24704682390357172, 'Training Accur.': 0.9765058277182656, 'Training Precision (macro)': 0.9450515404944771, 'Training Precision (micro)': 0.9765058277182656, 'Training Recall (macro)': 0.9514903757521798, 'Training Recall (micro)': 0.9765058277182656, 'Training F1 (macro)': 0.9481263686097592, 'Training F1 (micro)': 0.9765058277182656, 'Valid. Loss': 0.09421413150374536, 'Valid. Accur.': 0.9895833333333334, 'Valid. Precision (macro)': 0.9740730534111363, 'Valid. Precision (micro)': 0.9904656663613509, 'Valid. Recall (macro)': 0.9873678599854557, 'Valid. Recall (micro)': 0.9904656663613509, 'Valid. F1 (macro)': 0.9805220002750242, 'Valid. F1 (micro)': 0.9904656663613509, 'Training Time': '0:05:13', 'Validation Time': '0:00:24'}, {'epoch': 2, 'Training Loss': 0.2329649808794953, 'Training Accur.': 0.9847678904847819, 'Training Precision (macro)': 0.967131602402556, 'Training Precision (micro)': 0.9847678904847819, 'Training Recall (macro)': 0.9667486456916018, 'Training Recall (micro)': 0.9847678904847819, 'Training F1 (macro)': 0.9669153441895696, 'Training F1 (micro)': 0.9847678904847819, 'Valid. Loss': 0.08152443215388942, 'Valid. Accur.': 0.9890046296296297, 'Valid. Precision (macro)': 0.9726915204868793, 'Valid. Precision (micro)': 0.9892016352318478, 'Valid. Recall (macro)': 0.9800588086051634, 'Valid. Recall (micro)': 0.9892016352318478, 'Valid. F1 (macro)': 0.9762405379005271, 'Valid. F1 (micro)': 0.9892016352318478, 'Training Time': '0:05:13', 'Validation Time': '0:00:24'}, {'epoch': 3, 'Training Loss': 0.21863204375949016, 'Training Accur.': 0.9900727193248776, 'Training Precision (macro)': 0.9783577136564845, 'Training Precision (micro)': 0.9900727193248776, 'Training Recall (macro)': 0.9780819448474218, 'Training Recall (micro)': 0.9900727193248776, 'Training F1 (macro)': 0.9782138741867609, 'Training F1 (micro)': 0.9900727193248776, 'Valid. Loss': 0.08308328819219712, 'Valid. Accur.': 0.9864004629629629, 'Valid. Precision (macro)': 0.9560297684333338, 'Valid. Precision (micro)': 0.9849757703890901, 'Valid. Recall (macro)': 0.9856937529283951, 'Valid. Recall (micro)': 0.9849757703890901, 'Valid. F1 (macro)': 0.9701088999447616, 'Valid. F1 (micro)': 0.9849757703890901, 'Training Time': '0:05:13', 'Validation Time': '0:00:24'}], [{'epoch': 1, 'Training Loss': 0.22390861355288083, 'Training Accur.': 0.9887686790710466, 'Training Precision (macro)': 0.9749812779760617, 'Training Precision (micro)': 0.9887686790710466, 'Training Recall (macro)': 0.9755002212260676, 'Training Recall (micro)': 0.9887686790710466, 'Training F1 (macro)': 0.9752264586347561, 'Training F1 (micro)': 0.9887686790710466, 'Valid. Loss': 0.07150849175673944, 'Valid. Accur.': 0.9918981481481481, 'Valid. Precision (macro)': 0.9894038503160857, 'Valid. Precision (micro)': 0.9919327753566685, 'Valid. Recall (macro)': 0.9783979903161703, 'Valid. Recall (micro)': 0.9919327753566685, 'Valid. F1 (macro)': 0.9837629967463019, 'Valid. F1 (micro)': 0.9919327753566685, 'Training Time': '0:05:13', 'Validation Time': '0:00:24'}, {'epoch': 2, 'Training Loss': 0.2120050222374672, 'Training Accur.': 0.9933187572889282, 'Training Precision (macro)': 0.9862860114642324, 'Training Precision (micro)': 0.9933187572889282, 'Training Recall (macro)': 0.9854033093422196, 'Training Recall (micro)': 0.9933187572889282, 'Training F1 (macro)': 0.9858362443773617, 'Training F1 (micro)': 0.9933187572889282, 'Valid. Loss': 0.06830020711101868, 'Valid. Accur.': 0.9936342592592593, 'Valid. Precision (macro)': 0.9808757658141788, 'Valid. Precision (micro)': 0.9901510057443764, 'Valid. Recall (macro)': 0.9793694372007897, 'Valid. Recall (micro)': 0.9901510057443764, 'Valid. F1 (macro)': 0.9800674014102655, 'Valid. F1 (micro)': 0.9901510057443764, 'Training Time': '0:05:13', 'Validation Time': '0:00:24'}, {'epoch': 3, 'Training Loss': 0.20783443745485572, 'Training Accur.': 0.9962985948797284, 'Training Precision (macro)': 0.9925666530069714, 'Training Precision (micro)': 0.9962985948797284, 'Training Recall (macro)': 0.9914776347631911, 'Training Recall (micro)': 0.9962985948797284, 'Training F1 (macro)': 0.9920160941930066, 'Training F1 (micro)': 0.9962985948797284, 'Valid. Loss': 0.06972291244676819, 'Valid. Accur.': 0.9930555555555556, 'Valid. Precision (macro)': 0.9879030703493759, 'Valid. Precision (micro)': 0.9935668950392973, 'Valid. Recall (macro)': 0.9831049523841527, 'Valid. Recall (micro)': 0.9935668950392973, 'Valid. F1 (macro)': 0.9854463200529515, 'Valid. F1 (micro)': 0.9935668950392973, 'Training Time': '0:05:13', 'Validation Time': '0:00:24'}], [{'epoch': 1, 'Training Loss': 0.21705158945432929, 'Training Accur.': 0.9930899952117717, 'Training Precision (macro)': 0.986424075559247, 'Training Precision (micro)': 0.9930899952117717, 'Training Recall (macro)': 0.9842491274632624, 'Training Recall (micro)': 0.9930899952117717, 'Training F1 (macro)': 0.9853237417948534, 'Training F1 (micro)': 0.9930899952117717, 'Valid. Loss': 0.05794727850567411, 'Valid. Accur.': 0.9976851851851852, 'Valid. Precision (macro)': 0.9896266843315696, 'Valid. Precision (micro)': 0.9963506673741205, 'Valid. Recall (macro)': 0.9945949638326141, 'Valid. Recall (micro)': 0.9963506673741205, 'Valid. F1 (macro)': 0.992072747669531, 'Valid. F1 (micro)': 0.9963506673741205, 'Training Time': '0:05:13', 'Validation Time': '0:00:24'}, {'epoch': 2, 'Training Loss': 0.20788545535747396, 'Training Accur.': 0.9956034333789514, 'Training Precision (macro)': 0.9906554567432208, 'Training Precision (micro)': 0.9956034333789514, 'Training Recall (macro)': 0.9907291707145507, 'Training Recall (micro)': 0.9956034333789514, 'Training F1 (macro)': 0.9906749195018083, 'Training F1 (micro)': 0.9956034333789514, 'Valid. Loss': 0.057056446490740334, 'Valid. Accur.': 0.9973958333333334, 'Valid. Precision (macro)': 0.9900452682907208, 'Valid. Precision (micro)': 0.9962282619044884, 'Valid. Recall (macro)': 0.9944056837750346, 'Valid. Recall (micro)': 0.9962282619044884, 'Valid. F1 (macro)': 0.9921917821554657, 'Valid. F1 (micro)': 0.9962282619044884, 'Training Time': '0:05:13', 'Validation Time': '0:00:24'}, {'epoch': 3, 'Training Loss': 0.20665692475646041, 'Training Accur.': 0.9966033641602535, 'Training Precision (macro)': 0.9932780290855412, 'Training Precision (micro)': 0.9966033641602535, 'Training Recall (macro)': 0.9920798030570473, 'Training Recall (micro)': 0.9966033641602535, 'Training F1 (macro)': 0.9926578612626804, 'Training F1 (micro)': 0.9966033641602535, 'Valid. Loss': 0.06141830528913825, 'Valid. Accur.': 0.9968171296296297, 'Valid. Precision (macro)': 0.9913201395257905, 'Valid. Precision (micro)': 0.9972143493672382, 'Valid. Recall (macro)': 0.9965657254540422, 'Valid. Recall (micro)': 0.9972143493672382, 'Valid. F1 (macro)': 0.9939157831402471, 'Valid. F1 (micro)': 0.9972143493672382, 'Training Time': '0:05:13', 'Validation Time': '0:00:24'}]]
