2023-01-18 21:43:33,616 | DEBUG | Reading directory path
2023-01-18 21:43:33,623 | DEBUG | {'google_drive_friendly': True, 'general_set_up': {'dataset_filename': 'Dataset.xlsx', 'input_dir_name': 'input', 'output_dir_name': 'output', 'dataset_dir_name': 'dataset', 'logs_dir_name': 'logs', 'models_dir_name': 'models'}, 'dataset': {'index_columns_dataset': 0, 'list_columns_names': ['id_document', 'id_annotation', 'span', 'role', 'trauma', 'court'], 'col_of_interest_binary_classif': 'trauma', 'col_of_interest_multi_label_classif': 'role', 'col_of_reference_binary_classif': 'span', 'col_of_reference_multi_label_classif': 'span'}, 'training_model': {'epochs': 3, 'batch_size': 8, 'embedding_size': 512, 'return_attention_mask': True, 'cross_validation': False, 'save_model': False, 'store_statistics': False, 'test_model': False, 'add_special_tokes': True, 'max_length': 512, 'pad_to_max_length': True, 'run_in_gpu': True, 'classification_task': 'binary'}, 'active_training': {'size_splits_dataset': 5, 'classification_task': 'multi'}}
2023-01-18 21:43:35,030 | DEBUG | Num of different roles in the dataset is 7 which are:
2023-01-18 21:43:35,030 | DEBUG | 	 1 - Witness
2023-01-18 21:43:35,030 | DEBUG | 	 2 - LawyerQA
2023-01-18 21:43:35,030 | DEBUG | 	 3 - JudgeProc
2023-01-18 21:43:35,030 | DEBUG | 	 4 - LawyerProc
2023-01-18 21:43:35,030 | DEBUG | 	 5 - JudgeQA
2023-01-18 21:43:35,031 | DEBUG | 	 6 - Court Proceedings
2023-01-18 21:43:35,031 | DEBUG | 	 7 - Accused
2023-01-18 21:43:35,623 | INFO | There are 1 GPU(s) available.

These are the available devices:
2023-01-18 21:43:35,625 | INFO | 	 1 - Tesla T4
2023-01-18 21:43:35,625 | DEBUG | 

==> Selected device is 'cuda' <==
2023-01-18 21:43:35,626 | DEBUG | Loading BERT tokenizer...
2023-01-18 21:43:36,575 | INFO | Bert tokenizer was loaded successfully (bert-base-uncased)
	do_lower_case=True
2023-01-18 21:43:38,150 | INFO | Max sentence length: 323 found at index 2524. Sentence is:


As for -- I tried to raise three children from their mother, but I could not do that, but they were not from Amleang. As for the flood, I would like to tell you the truth as the following.  A flood from the mountainous area, I had explained to the Chambers earlier that that day there was a slight rain at the place about 9:00 a.m. in the morning.  It was not a heavy rain that day, but there was flood that's about one metre in height in one hour.  It's very quick.  I saw that.  Then I stand -- I stood next to the pits and I told them, "Come out, come out" including myself and others would catch the bin and water above my chest. Everybody was in the same situation. In the evening, about 3:00 p.m., then the water level went down. At that time, I rescued the prisoner and the guards to Chot's house.  It's the village chief of the Trapeang Traob village. And therefore there was no prisoner died in the flood there.  As I told Your Honours earlier, no one died in the flood.  No one climbed up into the tree.  And there was a small hill next to Chot's house.  Chot was the chief of the village and at that time we cross... we could not cross to the house of Brother Chot because there was a pond there.  And before the person did not see anything and come to testify at the court, we cannot say it is correct.



2023-01-18 21:43:40,095 | INFO | 
CORPUS TRAINING AND VALIDATION: 
            
	 Length labels 2426
            
	 Length input_ids 2426
            
	 Length attention_masks 2426
            

2023-01-18 21:43:40,096 | INFO | 
	CORPUS TRAINING:  
            
		 Length labels 2183
            
		 Length input_ids 2183
            
		 Length attention_masks 2183
2023-01-18 21:43:40,096 | INFO | 
	CORPUS VALIDATION: 
            
		 Length labels 243
            
		 Length input_ids 243
            
		 Length attention_masks 243
2023-01-18 21:43:40,096 | INFO | 
2023-01-18 21:43:40,096 | INFO | 
CORPUS TEST: 
            
	 Length labels 128
            
	 Length input_ids 128
            
	 Length attention_masks 128
            

2023-01-18 21:43:44,324 | DEBUG | 
2023-01-18 21:43:44,324 | DEBUG | ======== Epoch 1 / 3 ========
2023-01-18 21:43:44,324 | DEBUG | Training...
2023-01-18 21:44:58,496 | DEBUG |   Batch   100  of    273.    Elapsed: 0:01:14.
2023-01-18 21:46:12,684 | DEBUG |   Batch   200  of    273.    Elapsed: 0:02:28.
2023-01-18 21:47:06,994 | INFO | Epoch 1 : 
            Train_acc : 0.6529492691980211
            Train_precision (macro, micro): [0.48034528 0.65294927]
            Train_recall  (macro, micro): [0.40810856 0.65294927]
            Train_F1 : [0.40738513 0.65294927]
2023-01-18 21:47:06,995 | DEBUG | 
2023-01-18 21:47:06,995 | INFO |   Average training loss: 0.64
2023-01-18 21:47:06,995 | INFO |   Training epoch took: 0:03:23
2023-01-18 21:47:07,004 | INFO | Classification report. TRAINING at epoch 1 
               precision    recall  f1-score   support

           0       0.91      0.92      0.91       815
           1       0.77      0.93      0.84       673
           2       0.80      0.82      0.81       246
           3       0.74      0.79      0.76       209
           4       0.07      0.01      0.02       108
           5       0.94      0.44      0.60        78
           6       0.83      0.28      0.42        54

    accuracy                           0.82      2183
   macro avg       0.72      0.60      0.62      2183
weighted avg       0.79      0.82      0.80      2183

2023-01-18 21:47:07,004 | DEBUG | 
2023-01-18 21:47:07,004 | INFO | Running Validation...
2023-01-18 21:47:15,213 | INFO | Epoch 1 : 
                Valid_acc : 0.9244763434370102
                Valid_precision (macro, micro): [0.76732704 0.92447634]
                Valid_recall (macro, micro): [0.78663989 0.92447634]
                Valid_F1 (macro, micro): [0.7693962  0.92447634]
2023-01-18 21:47:15,214 | INFO |   Accuracy: 0.92
2023-01-18 21:47:15,214 | INFO |   Validation Loss: 0.29
2023-01-18 21:47:15,214 | INFO |   Validation took: 0:00:08
2023-01-18 21:47:15,217 | INFO | Classification report. VALIDATION at epoch 1 
               precision    recall  f1-score   support

           0       0.99      1.00      0.99        91
           1       0.86      0.97      0.91        75
           2       0.93      1.00      0.96        27
           3       0.92      0.96      0.94        23
           4       0.00      0.00      0.00        12
           5       1.00      1.00      1.00         9
           6       1.00      0.67      0.80         6

    accuracy                           0.93       243
   macro avg       0.81      0.80      0.80       243
weighted avg       0.89      0.93      0.91       243

2023-01-18 21:47:15,218 | DEBUG | 
2023-01-18 21:47:15,218 | DEBUG | ======== Epoch 2 / 3 ========
2023-01-18 21:47:15,218 | DEBUG | Training...
2023-01-18 21:48:29,795 | DEBUG |   Batch   100  of    273.    Elapsed: 0:01:15.
2023-01-18 21:49:44,454 | DEBUG |   Batch   200  of    273.    Elapsed: 0:02:29.
2023-01-18 21:50:38,710 | INFO | Epoch 2 : 
            Train_acc : 0.9351858049194429
            Train_precision (macro, micro): [0.81937411 0.9351858 ]
            Train_recall  (macro, micro): [0.81035802 0.9351858 ]
            Train_F1 : [0.81134213 0.9351858 ]
2023-01-18 21:50:38,711 | DEBUG | 
2023-01-18 21:50:38,711 | INFO |   Average training loss: 0.23
2023-01-18 21:50:38,711 | INFO |   Training epoch took: 0:03:23
2023-01-18 21:50:38,717 | INFO | Classification report. TRAINING at epoch 2 
               precision    recall  f1-score   support

           0       1.00      1.00      1.00       815
           1       0.87      0.98      0.92       673
           2       0.93      0.99      0.96       246
           3       0.93      0.99      0.96       209
           4       0.00      0.00      0.00       108
           5       0.97      0.97      0.97        78
           6       1.00      0.78      0.88        54

    accuracy                           0.94      2183
   macro avg       0.81      0.82      0.81      2183
weighted avg       0.89      0.94      0.91      2183

2023-01-18 21:50:38,717 | DEBUG | 
2023-01-18 21:50:38,717 | INFO | Running Validation...
2023-01-18 21:50:46,945 | INFO | Epoch 2 : 
                Valid_acc : 0.935470410114026
                Valid_precision (macro, micro): [0.95071927 0.93547041]
                Valid_recall (macro, micro): [0.83537294 0.93547041]
                Valid_F1 (macro, micro): [0.85049309 0.93547041]
2023-01-18 21:50:46,946 | INFO |   Accuracy: 0.94
2023-01-18 21:50:46,946 | INFO |   Validation Loss: 0.26
2023-01-18 21:50:46,946 | INFO |   Validation took: 0:00:08
2023-01-18 21:50:46,949 | INFO | Classification report. VALIDATION at epoch 2 
               precision    recall  f1-score   support

           0       0.99      1.00      0.99        91
           1       0.87      0.99      0.93        75
           2       0.93      1.00      0.96        27
           3       0.96      0.96      0.96        23
           4       1.00      0.08      0.15        12
           5       1.00      1.00      1.00         9
           6       1.00      0.67      0.80         6

    accuracy                           0.94       243
   macro avg       0.96      0.81      0.83       243
weighted avg       0.94      0.94      0.92       243

2023-01-18 21:50:46,950 | DEBUG | 
2023-01-18 21:50:46,950 | DEBUG | ======== Epoch 3 / 3 ========
2023-01-18 21:50:46,950 | DEBUG | Training...
2023-01-18 21:52:01,398 | DEBUG |   Batch   100  of    273.    Elapsed: 0:01:14.
2023-01-18 21:53:15,973 | DEBUG |   Batch   200  of    273.    Elapsed: 0:02:29.
2023-01-18 21:54:10,225 | INFO | Epoch 3 : 
            Train_acc : 0.9542518393197146
            Train_precision (macro, micro): [0.95872205 0.95425184]
            Train_recall  (macro, micro): [0.86155036 0.95425184]
            Train_F1 : [0.87579559 0.95425184]
2023-01-18 21:54:10,225 | DEBUG | 
2023-01-18 21:54:10,226 | INFO |   Average training loss: 0.17
2023-01-18 21:54:10,226 | INFO |   Training epoch took: 0:03:23
2023-01-18 21:54:10,232 | INFO | Classification report. TRAINING at epoch 3 
               precision    recall  f1-score   support

           0       1.00      1.00      1.00       815
           1       0.90      0.98      0.94       673
           2       0.94      1.00      0.97       246
           3       0.96      0.99      0.97       209
           4       0.86      0.29      0.43       108
           5       1.00      0.97      0.99        78
           6       1.00      0.89      0.94        54

    accuracy                           0.95      2183
   macro avg       0.95      0.87      0.89      2183
weighted avg       0.95      0.95      0.94      2183

2023-01-18 21:54:10,232 | DEBUG | 
2023-01-18 21:54:10,232 | INFO | Running Validation...
2023-01-18 21:54:18,483 | INFO | Epoch 3 : 
                Valid_acc : 0.9120011984089742
                Valid_precision (macro, micro): [0.83117555 0.9120012 ]
                Valid_recall (macro, micro): [0.78097314 0.9120012 ]
                Valid_F1 (macro, micro): [0.78922463 0.9120012 ]
2023-01-18 21:54:18,483 | INFO |   Accuracy: 0.94
2023-01-18 21:54:18,483 | INFO |   Validation Loss: 0.22
2023-01-18 21:54:18,483 | INFO |   Validation took: 0:00:08
2023-01-18 21:54:18,486 | INFO | Classification report. VALIDATION at epoch 3 
               precision    recall  f1-score   support

           0       0.99      1.00      0.99        91
           1       0.88      0.97      0.92        75
           2       0.96      1.00      0.98        27
           3       0.96      0.96      0.96        23
           4       0.75      0.25      0.38        12
           5       1.00      1.00      1.00         9
           6       1.00      0.67      0.80         6

    accuracy                           0.94       243
   macro avg       0.93      0.84      0.86       243
weighted avg       0.94      0.94      0.93       243

2023-01-18 21:54:18,487 | DEBUG | 
2023-01-18 21:54:18,487 | INFO | Training complete!
2023-01-18 21:54:18,487 | INFO | Total training took 0:10:34 (h:mm:ss)
2023-01-18 21:54:18,493 | DEBUG | ====================================================================================================
2023-01-18 21:54:18,493 | DEBUG | ********************************************************************************
2023-01-18 21:54:18,494 | INFO | [{'epoch': 1, 'Training Loss': 0.6419800456968092, 'Training Accur.': 0.6529492691980211, 'Training Precision (macro)': 0.4803452778640298, 'Training Precision (micro)': 0.6529492691980211, 'Training Recall (macro)': 0.40810856254330047, 'Training Recall (micro)': 0.6529492691980211, 'Training F1 (macro)': 0.40738512984308467, 'Training F1 (micro)': 0.6529492691980211, 'Valid. Loss': 0.293844816365069, 'Valid. Accur.': 0.924731182795699, 'Valid. Precision (macro)': 0.7673270433707888, 'Valid. Precision (micro)': 0.9244763434370102, 'Valid. Recall (macro)': 0.7866398922055351, 'Valid. Recall (micro)': 0.9244763434370102, 'Valid. F1 (macro)': 0.7693962022437939, 'Valid. F1 (micro)': 0.9244763434370102, 'Training Time': '0:03:23', 'Validation Time': '0:00:08'}, {'epoch': 2, 'Training Loss': 0.23150285094764916, 'Training Accur.': 0.9351858049194429, 'Training Precision (macro)': 0.8193741144621107, 'Training Precision (micro)': 0.9351858049194429, 'Training Recall (macro)': 0.8103580202632313, 'Training Recall (micro)': 0.9351858049194429, 'Training F1 (macro)': 0.8113421314473519, 'Training F1 (micro)': 0.9351858049194429, 'Valid. Loss': 0.2587809184145543, 'Valid. Accur.': 0.9395161290322581, 'Valid. Precision (macro)': 0.9507192695990788, 'Valid. Precision (micro)': 0.935470410114026, 'Valid. Recall (macro)': 0.8353729350566251, 'Valid. Recall (micro)': 0.935470410114026, 'Valid. F1 (macro)': 0.8504930855621397, 'Valid. F1 (micro)': 0.935470410114026, 'Training Time': '0:03:23', 'Validation Time': '0:00:08'}, {'epoch': 3, 'Training Loss': 0.171843128609761, 'Training Accur.': 0.9542518393197146, 'Training Precision (macro)': 0.9587220526447716, 'Training Precision (micro)': 0.9542518393197146, 'Training Recall (macro)': 0.8615503582661395, 'Training Recall (micro)': 0.9542518393197146, 'Training F1 (macro)': 0.8757955868537757, 'Training F1 (micro)': 0.9542518393197146, 'Valid. Loss': 0.22396792244586733, 'Valid. Accur.': 0.9435483870967742, 'Valid. Precision (macro)': 0.8311755454932185, 'Valid. Precision (micro)': 0.9120011984089742, 'Valid. Recall (macro)': 0.7809731433489672, 'Valid. Recall (micro)': 0.9120011984089742, 'Valid. F1 (macro)': 0.7892246252025439, 'Valid. F1 (micro)': 0.9120011984089742, 'Training Time': '0:03:23', 'Validation Time': '0:00:08'}]
2023-01-18 21:54:18,494 | DEBUG | ********************************************************************************
2023-01-18 21:54:18,494 | DEBUG | ====================================================================================================
2023-01-18 21:54:18,496 | DEBUG | Num of different roles in the dataset is 7 which are:
2023-01-18 21:54:18,496 | DEBUG | 	 1 - Witness
2023-01-18 21:54:18,496 | DEBUG | 	 2 - LawyerQA
2023-01-18 21:54:18,496 | DEBUG | 	 3 - JudgeProc
2023-01-18 21:54:18,496 | DEBUG | 	 4 - LawyerProc
2023-01-18 21:54:18,496 | DEBUG | 	 5 - JudgeQA
2023-01-18 21:54:18,497 | DEBUG | 	 6 - Court Proceedings
2023-01-18 21:54:18,497 | DEBUG | 	 7 - Accused
2023-01-18 21:54:18,497 | INFO | There are 1 GPU(s) available.

These are the available devices:
2023-01-18 21:54:18,497 | INFO | 	 1 - Tesla T4
2023-01-18 21:54:18,497 | DEBUG | 

==> Selected device is 'cuda' <==
2023-01-18 21:54:18,497 | DEBUG | Loading BERT tokenizer...
2023-01-18 21:54:19,441 | INFO | Bert tokenizer was loaded successfully (bert-base-uncased)
	do_lower_case=True
2023-01-18 21:54:22,540 | INFO | Max sentence length: 323 found at index 2524. Sentence is:


As for -- I tried to raise three children from their mother, but I could not do that, but they were not from Amleang. As for the flood, I would like to tell you the truth as the following.  A flood from the mountainous area, I had explained to the Chambers earlier that that day there was a slight rain at the place about 9:00 a.m. in the morning.  It was not a heavy rain that day, but there was flood that's about one metre in height in one hour.  It's very quick.  I saw that.  Then I stand -- I stood next to the pits and I told them, "Come out, come out" including myself and others would catch the bin and water above my chest. Everybody was in the same situation. In the evening, about 3:00 p.m., then the water level went down. At that time, I rescued the prisoner and the guards to Chot's house.  It's the village chief of the Trapeang Traob village. And therefore there was no prisoner died in the flood there.  As I told Your Honours earlier, no one died in the flood.  No one climbed up into the tree.  And there was a small hill next to Chot's house.  Chot was the chief of the village and at that time we cross... we could not cross to the house of Brother Chot because there was a pond there.  And before the person did not see anything and come to testify at the court, we cannot say it is correct.



2023-01-18 21:54:26,431 | INFO | 
CORPUS TRAINING AND VALIDATION: 
            
	 Length labels 4852
            
	 Length input_ids 4852
            
	 Length attention_masks 4852
            

2023-01-18 21:54:26,431 | INFO | 
	CORPUS TRAINING:  
            
		 Length labels 4366
            
		 Length input_ids 4366
            
		 Length attention_masks 4366
2023-01-18 21:54:26,431 | INFO | 
	CORPUS VALIDATION: 
            
		 Length labels 486
            
		 Length input_ids 486
            
		 Length attention_masks 486
2023-01-18 21:54:26,432 | INFO | 
2023-01-18 21:54:26,432 | INFO | 
CORPUS TEST: 
            
	 Length labels 256
            
	 Length input_ids 256
            
	 Length attention_masks 256
            

2023-01-18 21:54:28,746 | DEBUG | 
2023-01-18 21:54:28,746 | DEBUG | ======== Epoch 1 / 3 ========
2023-01-18 21:54:28,747 | DEBUG | Training...
2023-01-18 21:55:43,785 | DEBUG |   Batch   100  of    546.    Elapsed: 0:01:15.
2023-01-18 21:56:58,343 | DEBUG |   Batch   200  of    546.    Elapsed: 0:02:30.
2023-01-18 21:58:12,649 | DEBUG |   Batch   300  of    546.    Elapsed: 0:03:44.
2023-01-18 21:59:27,220 | DEBUG |   Batch   400  of    546.    Elapsed: 0:04:58.
2023-01-18 22:00:42,234 | DEBUG |   Batch   500  of    546.    Elapsed: 0:06:13.
2023-01-18 22:01:16,580 | INFO | Epoch 1 : 
            Train_acc : 0.765749263785497
            Train_precision (macro, micro): [0.52550444 0.76574926]
            Train_recall  (macro, micro): [0.48306915 0.76574926]
            Train_F1 : [0.4721171  0.76574926]
2023-01-18 22:01:16,580 | DEBUG | 
2023-01-18 22:01:16,581 | INFO |   Average training loss: 0.54
2023-01-18 22:01:16,581 | INFO |   Training epoch took: 0:06:48
2023-01-18 22:01:16,590 | INFO | Classification report. TRAINING at epoch 1 
               precision    recall  f1-score   support

           0       0.95      0.97      0.96      1631
           1       0.84      0.95      0.89      1347
           2       0.71      0.93      0.80       490
           3       0.80      0.74      0.77       418
           4       0.05      0.01      0.02       215
           5       0.92      0.59      0.72       157
           6       0.78      0.06      0.12       108

    accuracy                           0.85      4366
   macro avg       0.72      0.61      0.61      4366
weighted avg       0.82      0.85      0.83      4366

2023-01-18 22:01:16,590 | DEBUG | 
2023-01-18 22:01:16,590 | INFO | Running Validation...
2023-01-18 22:01:33,063 | INFO | Epoch 1 : 
                Valid_acc : 0.9097262715547887
                Valid_precision (macro, micro): [0.76652901 0.90972627]
                Valid_recall (macro, micro): [0.70852981 0.90972627]
                Valid_F1 (macro, micro): [0.7073576  0.90972627]
2023-01-18 22:01:33,064 | INFO |   Accuracy: 0.92
2023-01-18 22:01:33,064 | INFO |   Validation Loss: 0.29
2023-01-18 22:01:33,064 | INFO |   Validation took: 0:00:16
2023-01-18 22:01:33,067 | INFO | Classification report. VALIDATION at epoch 1 
               precision    recall  f1-score   support

           0       0.99      0.99      0.99       181
           1       0.83      0.99      0.90       150
           2       0.96      1.00      0.98        55
           3       0.92      0.96      0.94        46
           4       0.00      0.00      0.00        24
           5       0.94      0.89      0.91        18
           6       1.00      0.25      0.40        12

    accuracy                           0.92       486
   macro avg       0.81      0.73      0.73       486
weighted avg       0.88      0.92      0.89       486

2023-01-18 22:01:33,068 | DEBUG | 
2023-01-18 22:01:33,068 | DEBUG | ======== Epoch 2 / 3 ========
2023-01-18 22:01:33,068 | DEBUG | Training...
2023-01-18 22:02:47,397 | DEBUG |   Batch   100  of    546.    Elapsed: 0:01:14.
2023-01-18 22:04:01,963 | DEBUG |   Batch   200  of    546.    Elapsed: 0:02:29.
2023-01-18 22:05:16,573 | DEBUG |   Batch   300  of    546.    Elapsed: 0:03:44.
2023-01-18 22:06:31,015 | DEBUG |   Batch   400  of    546.    Elapsed: 0:04:58.
2023-01-18 22:07:45,776 | DEBUG |   Batch   500  of    546.    Elapsed: 0:06:13.
2023-01-18 22:08:20,028 | INFO | Epoch 2 : 
            Train_acc : 0.9272220042058863
            Train_precision (macro, micro): [0.90067943 0.927222  ]
            Train_recall  (macro, micro): [0.76239878 0.927222  ]
            Train_F1 : [0.77382047 0.927222  ]
2023-01-18 22:08:20,028 | DEBUG | 
2023-01-18 22:08:20,028 | INFO |   Average training loss: 0.26
2023-01-18 22:08:20,029 | INFO |   Training epoch took: 0:06:47
2023-01-18 22:08:20,038 | INFO | Classification report. TRAINING at epoch 2 
               precision    recall  f1-score   support

           0       0.99      1.00      1.00      1631
           1       0.86      0.97      0.91      1347
           2       0.92      0.97      0.95       490
           3       0.91      0.97      0.94       418
           4       0.67      0.16      0.26       215
           5       0.96      0.92      0.94       157
           6       0.94      0.44      0.59       108

    accuracy                           0.93      4366
   macro avg       0.89      0.77      0.80      4366
weighted avg       0.92      0.93      0.91      4366

2023-01-18 22:08:20,038 | DEBUG | 
2023-01-18 22:08:20,039 | INFO | Running Validation...
2023-01-18 22:08:36,568 | INFO | Epoch 2 : 
                Valid_acc : 0.9354817044279922
                Valid_precision (macro, micro): [0.84287379 0.9354817 ]
                Valid_recall (macro, micro): [0.83698691 0.9354817 ]
                Valid_F1 (macro, micro): [0.83716451 0.9354817 ]
2023-01-18 22:08:36,569 | INFO |   Accuracy: 0.92
2023-01-18 22:08:36,569 | INFO |   Validation Loss: 0.25
2023-01-18 22:08:36,569 | INFO |   Validation took: 0:00:17
2023-01-18 22:08:36,572 | INFO | Classification report. VALIDATION at epoch 2 
               precision    recall  f1-score   support

           0       0.99      0.99      0.99       181
           1       0.93      0.91      0.92       150
           2       0.93      1.00      0.96        55
           3       0.89      0.91      0.90        46
           4       0.62      0.67      0.64        24
           5       0.94      0.83      0.88        18
           6       0.60      0.50      0.55        12

    accuracy                           0.92       486
   macro avg       0.84      0.83      0.83       486
weighted avg       0.92      0.92      0.92       486

2023-01-18 22:08:36,573 | DEBUG | 
2023-01-18 22:08:36,573 | DEBUG | ======== Epoch 3 / 3 ========
2023-01-18 22:08:36,573 | DEBUG | Training...
2023-01-18 22:09:51,246 | DEBUG |   Batch   100  of    546.    Elapsed: 0:01:15.
2023-01-18 22:11:05,660 | DEBUG |   Batch   200  of    546.    Elapsed: 0:02:29.
2023-01-18 22:12:20,155 | DEBUG |   Batch   300  of    546.    Elapsed: 0:03:44.
2023-01-18 22:13:34,726 | DEBUG |   Batch   400  of    546.    Elapsed: 0:04:58.
2023-01-18 22:14:49,705 | DEBUG |   Batch   500  of    546.    Elapsed: 0:06:13.
2023-01-18 22:15:24,013 | INFO | Epoch 3 : 
            Train_acc : 0.9567057358620757
            Train_precision (macro, micro): [0.93229882 0.95670574]
            Train_recall  (macro, micro): [0.87834987 0.95670574]
            Train_F1 : [0.89882168 0.95670574]
2023-01-18 22:15:24,013 | DEBUG | 
2023-01-18 22:15:24,014 | INFO |   Average training loss: 0.15
2023-01-18 22:15:24,014 | INFO |   Training epoch took: 0:06:47
2023-01-18 22:15:24,023 | INFO | Classification report. TRAINING at epoch 3 
               precision    recall  f1-score   support

           0       1.00      1.00      1.00      1631
           1       0.93      0.96      0.95      1347
           2       0.95      0.99      0.97       490
           3       0.94      0.98      0.96       418
           4       0.80      0.60      0.68       215
           5       0.97      0.95      0.96       157
           6       0.96      0.75      0.84       108

    accuracy                           0.96      4366
   macro avg       0.94      0.89      0.91      4366
weighted avg       0.96      0.96      0.95      4366

2023-01-18 22:15:24,024 | DEBUG | 
2023-01-18 22:15:24,024 | INFO | Running Validation...
2023-01-18 22:15:40,501 | INFO | Epoch 3 : 
                Valid_acc : 0.9584350341929634
                Valid_precision (macro, micro): [0.91923254 0.95843503]
                Valid_recall (macro, micro): [0.90708774 0.95843503]
                Valid_F1 (macro, micro): [0.90772264 0.95843503]
2023-01-18 22:15:40,501 | INFO |   Accuracy: 0.96
2023-01-18 22:15:40,501 | INFO |   Validation Loss: 0.18
2023-01-18 22:15:40,502 | INFO |   Validation took: 0:00:16
2023-01-18 22:15:40,505 | INFO | Classification report. VALIDATION at epoch 3 
               precision    recall  f1-score   support

           0       1.00      0.99      0.99       181
           1       0.93      0.99      0.96       150
           2       0.98      1.00      0.99        55
           3       0.96      0.96      0.96        46
           4       0.84      0.67      0.74        24
           5       1.00      0.89      0.94        18
           6       0.82      0.75      0.78        12

    accuracy                           0.96       486
   macro avg       0.93      0.89      0.91       486
weighted avg       0.96      0.96      0.96       486

2023-01-18 22:15:40,506 | DEBUG | 
2023-01-18 22:15:40,506 | INFO | Training complete!
2023-01-18 22:15:40,506 | INFO | Total training took 0:21:12 (h:mm:ss)
2023-01-18 22:15:40,516 | DEBUG | ====================================================================================================
2023-01-18 22:15:40,517 | DEBUG | ********************************************************************************
2023-01-18 22:15:40,517 | INFO | [{'epoch': 1, 'Training Loss': 0.5421109391929029, 'Training Accur.': 0.765749263785497, 'Training Precision (macro)': 0.5255044351505015, 'Training Precision (micro)': 0.765749263785497, 'Training Recall (macro)': 0.48306915332487277, 'Training Recall (micro)': 0.765749263785497, 'Training F1 (macro)': 0.4721171026716908, 'Training F1 (micro)': 0.765749263785497, 'Valid. Loss': 0.2935747887756004, 'Valid. Accur.': 0.9180327868852459, 'Valid. Precision (macro)': 0.7665290088426432, 'Valid. Precision (micro)': 0.9097262715547887, 'Valid. Recall (macro)': 0.7085298059101803, 'Valid. Recall (micro)': 0.9097262715547887, 'Valid. F1 (macro)': 0.707357602677676, 'Valid. F1 (micro)': 0.9097262715547887, 'Training Time': '0:06:48', 'Validation Time': '0:00:16'}, {'epoch': 2, 'Training Loss': 0.25715646729037, 'Training Accur.': 0.9272220042058863, 'Training Precision (macro)': 0.9006794260603073, 'Training Precision (micro)': 0.9272220042058863, 'Training Recall (macro)': 0.7623987767817565, 'Training Recall (micro)': 0.9272220042058863, 'Training F1 (macro)': 0.7738204716316212, 'Training F1 (micro)': 0.9272220042058863, 'Valid. Loss': 0.2526587450105819, 'Valid. Accur.': 0.9241803278688525, 'Valid. Precision (macro)': 0.8428737910659012, 'Valid. Precision (micro)': 0.9354817044279922, 'Valid. Recall (macro)': 0.8369869124853286, 'Valid. Recall (micro)': 0.9354817044279922, 'Valid. F1 (macro)': 0.8371645073247556, 'Valid. F1 (micro)': 0.9354817044279922, 'Training Time': '0:06:47', 'Validation Time': '0:00:17'}, {'epoch': 3, 'Training Loss': 0.15065730004279274, 'Training Accur.': 0.9567057358620757, 'Training Precision (macro)': 0.9322988221438004, 'Training Precision (micro)': 0.9567057358620757, 'Training Recall (macro)': 0.8783498740673982, 'Training Recall (micro)': 0.9567057358620757, 'Training F1 (macro)': 0.8988216816599333, 'Training F1 (micro)': 0.9567057358620757, 'Valid. Loss': 0.18044597319075378, 'Valid. Accur.': 0.9610655737704918, 'Valid. Precision (macro)': 0.9192325399415963, 'Valid. Precision (micro)': 0.9584350341929634, 'Valid. Recall (macro)': 0.907087740061095, 'Valid. Recall (micro)': 0.9584350341929634, 'Valid. F1 (macro)': 0.9077226430000105, 'Valid. F1 (micro)': 0.9584350341929634, 'Training Time': '0:06:47', 'Validation Time': '0:00:16'}]
2023-01-18 22:15:40,517 | DEBUG | ********************************************************************************
2023-01-18 22:15:40,517 | DEBUG | ====================================================================================================
2023-01-18 22:15:40,520 | DEBUG | Num of different roles in the dataset is 7 which are:
2023-01-18 22:15:40,520 | DEBUG | 	 1 - Witness
2023-01-18 22:15:40,520 | DEBUG | 	 2 - LawyerQA
2023-01-18 22:15:40,520 | DEBUG | 	 3 - JudgeProc
2023-01-18 22:15:40,520 | DEBUG | 	 4 - LawyerProc
2023-01-18 22:15:40,520 | DEBUG | 	 5 - JudgeQA
2023-01-18 22:15:40,520 | DEBUG | 	 6 - Court Proceedings
2023-01-18 22:15:40,521 | DEBUG | 	 7 - Accused
2023-01-18 22:15:40,521 | INFO | There are 1 GPU(s) available.

These are the available devices:
2023-01-18 22:15:40,521 | INFO | 	 1 - Tesla T4
2023-01-18 22:15:40,521 | DEBUG | 

==> Selected device is 'cuda' <==
2023-01-18 22:15:40,521 | DEBUG | Loading BERT tokenizer...
2023-01-18 22:15:41,462 | INFO | Bert tokenizer was loaded successfully (bert-base-uncased)
	do_lower_case=True
2023-01-18 22:15:46,080 | INFO | Max sentence length: 323 found at index 2524. Sentence is:


As for -- I tried to raise three children from their mother, but I could not do that, but they were not from Amleang. As for the flood, I would like to tell you the truth as the following.  A flood from the mountainous area, I had explained to the Chambers earlier that that day there was a slight rain at the place about 9:00 a.m. in the morning.  It was not a heavy rain that day, but there was flood that's about one metre in height in one hour.  It's very quick.  I saw that.  Then I stand -- I stood next to the pits and I told them, "Come out, come out" including myself and others would catch the bin and water above my chest. Everybody was in the same situation. In the evening, about 3:00 p.m., then the water level went down. At that time, I rescued the prisoner and the guards to Chot's house.  It's the village chief of the Trapeang Traob village. And therefore there was no prisoner died in the flood there.  As I told Your Honours earlier, no one died in the flood.  No one climbed up into the tree.  And there was a small hill next to Chot's house.  Chot was the chief of the village and at that time we cross... we could not cross to the house of Brother Chot because there was a pond there.  And before the person did not see anything and come to testify at the court, we cannot say it is correct.



2023-01-18 22:15:51,738 | INFO | 
CORPUS TRAINING AND VALIDATION: 
            
	 Length labels 7278
            
	 Length input_ids 7278
            
	 Length attention_masks 7278
            

2023-01-18 22:15:51,738 | INFO | 
	CORPUS TRAINING:  
            
		 Length labels 6550
            
		 Length input_ids 6550
            
		 Length attention_masks 6550
2023-01-18 22:15:51,739 | INFO | 
	CORPUS VALIDATION: 
            
		 Length labels 728
            
		 Length input_ids 728
            
		 Length attention_masks 728
2023-01-18 22:15:51,739 | INFO | 
2023-01-18 22:15:51,739 | INFO | 
CORPUS TEST: 
            
	 Length labels 384
            
	 Length input_ids 384
            
	 Length attention_masks 384
            

2023-01-18 22:15:53,817 | DEBUG | 
2023-01-18 22:15:53,818 | DEBUG | ======== Epoch 1 / 3 ========
2023-01-18 22:15:53,818 | DEBUG | Training...
2023-01-18 22:17:09,031 | DEBUG |   Batch   100  of    819.    Elapsed: 0:01:15.
2023-01-18 22:18:23,627 | DEBUG |   Batch   200  of    819.    Elapsed: 0:02:30.
2023-01-18 22:19:37,932 | DEBUG |   Batch   300  of    819.    Elapsed: 0:03:44.
2023-01-18 22:20:52,457 | DEBUG |   Batch   400  of    819.    Elapsed: 0:04:59.
2023-01-18 22:22:07,466 | DEBUG |   Batch   500  of    819.    Elapsed: 0:06:14.
2023-01-18 22:23:22,698 | DEBUG |   Batch   600  of    819.    Elapsed: 0:07:29.
2023-01-18 22:24:38,474 | DEBUG |   Batch   700  of    819.    Elapsed: 0:08:45.
2023-01-18 22:25:54,270 | DEBUG |   Batch   800  of    819.    Elapsed: 0:10:00.
2023-01-18 22:26:08,558 | INFO | Epoch 1 : 
            Train_acc : 0.7965150235092895
            Train_precision (macro, micro): [0.60624501 0.79651502]
            Train_recall  (macro, micro): [0.52176935 0.79651502]
            Train_F1 : [0.51737883 0.79651502]
2023-01-18 22:26:08,559 | DEBUG | 
2023-01-18 22:26:08,559 | INFO |   Average training loss: 0.45
2023-01-18 22:26:08,559 | INFO |   Training epoch took: 0:10:15
2023-01-18 22:26:08,572 | INFO | Classification report. TRAINING at epoch 1 
               precision    recall  f1-score   support

           0       0.95      0.98      0.97      2447
           1       0.84      0.96      0.90      2020
           2       0.79      0.94      0.86       736
           3       0.84      0.81      0.83       626
           4       0.30      0.08      0.12       323
           5       0.89      0.60      0.72       236
           6       1.00      0.17      0.29       162

    accuracy                           0.87      6550
   macro avg       0.80      0.65      0.67      6550
weighted avg       0.86      0.87      0.85      6550

2023-01-18 22:26:08,572 | DEBUG | 
2023-01-18 22:26:08,572 | INFO | Running Validation...
2023-01-18 22:26:33,293 | INFO | Epoch 1 : 
                Valid_acc : 0.9290969796474323
                Valid_precision (macro, micro): [0.91760889 0.92909698]
                Valid_recall (macro, micro): [0.78236385 0.92909698]
                Valid_F1 (macro, micro): [0.81475153 0.92909698]
2023-01-18 22:26:33,293 | INFO |   Accuracy: 0.93
2023-01-18 22:26:33,293 | INFO |   Validation Loss: 0.26
2023-01-18 22:26:33,293 | INFO |   Validation took: 0:00:25
2023-01-18 22:26:33,297 | INFO | Classification report. VALIDATION at epoch 1 
               precision    recall  f1-score   support

           0       0.99      1.00      0.99       272
           1       0.89      0.95      0.92       225
           2       0.89      1.00      0.94        82
           3       0.92      0.97      0.94        69
           4       0.61      0.31      0.41        36
           5       1.00      0.88      0.94        26
           6       1.00      0.39      0.56        18

    accuracy                           0.93       728
   macro avg       0.90      0.79      0.81       728
weighted avg       0.92      0.93      0.92       728

2023-01-18 22:26:33,298 | DEBUG | 
2023-01-18 22:26:33,299 | DEBUG | ======== Epoch 2 / 3 ========
2023-01-18 22:26:33,299 | DEBUG | Training...
2023-01-18 22:27:47,800 | DEBUG |   Batch   100  of    819.    Elapsed: 0:01:15.
2023-01-18 22:29:02,420 | DEBUG |   Batch   200  of    819.    Elapsed: 0:02:29.
2023-01-18 22:30:16,891 | DEBUG |   Batch   300  of    819.    Elapsed: 0:03:44.
2023-01-18 22:31:31,403 | DEBUG |   Batch   400  of    819.    Elapsed: 0:04:58.
2023-01-18 22:32:46,276 | DEBUG |   Batch   500  of    819.    Elapsed: 0:06:13.
2023-01-18 22:34:01,187 | DEBUG |   Batch   600  of    819.    Elapsed: 0:07:28.
2023-01-18 22:35:16,874 | DEBUG |   Batch   700  of    819.    Elapsed: 0:08:44.
2023-01-18 22:36:32,671 | DEBUG |   Batch   800  of    819.    Elapsed: 0:09:59.
2023-01-18 22:36:47,020 | INFO | Epoch 2 : 
            Train_acc : 0.9363765816882961
            Train_precision (macro, micro): [0.90515172 0.93637658]
            Train_recall  (macro, micro): [0.81919979 0.93637658]
            Train_F1 : [0.84398218 0.93637658]
2023-01-18 22:36:47,020 | DEBUG | 
2023-01-18 22:36:47,020 | INFO |   Average training loss: 0.23
2023-01-18 22:36:47,020 | INFO |   Training epoch took: 0:10:14
2023-01-18 22:36:47,034 | INFO | Classification report. TRAINING at epoch 2 
               precision    recall  f1-score   support

           0       0.99      1.00      0.99      2447
           1       0.91      0.95      0.93      2020
           2       0.94      0.97      0.95       736
           3       0.92      0.97      0.94       626
           4       0.73      0.52      0.61       323
           5       0.97      0.93      0.95       236
           6       0.90      0.49      0.64       162

    accuracy                           0.94      6550
   macro avg       0.91      0.83      0.86      6550
weighted avg       0.94      0.94      0.94      6550

2023-01-18 22:36:47,034 | DEBUG | 
2023-01-18 22:36:47,034 | INFO | Running Validation...
2023-01-18 22:37:11,623 | INFO | Epoch 2 : 
                Valid_acc : 0.9455300667027443
                Valid_precision (macro, micro): [0.89662    0.94553007]
                Valid_recall (macro, micro): [0.85841442 0.94553007]
                Valid_F1 (macro, micro): [0.87052919 0.94553007]
2023-01-18 22:37:11,623 | INFO |   Accuracy: 0.95
2023-01-18 22:37:11,624 | INFO |   Validation Loss: 0.19
2023-01-18 22:37:11,624 | INFO |   Validation took: 0:00:25
2023-01-18 22:37:11,628 | INFO | Classification report. VALIDATION at epoch 2 
               precision    recall  f1-score   support

           0       0.99      1.00      0.99       272
           1       0.92      0.93      0.93       225
           2       0.99      0.99      0.99        82
           3       0.93      1.00      0.97        69
           4       0.69      0.61      0.65        36
           5       1.00      0.96      0.98        26
           6       0.77      0.56      0.65        18

    accuracy                           0.95       728
   macro avg       0.90      0.86      0.88       728
weighted avg       0.94      0.95      0.94       728

2023-01-18 22:37:11,629 | DEBUG | 
2023-01-18 22:37:11,629 | DEBUG | ======== Epoch 3 / 3 ========
2023-01-18 22:37:11,629 | DEBUG | Training...
2023-01-18 22:38:26,328 | DEBUG |   Batch   100  of    819.    Elapsed: 0:01:15.
2023-01-18 22:39:40,918 | DEBUG |   Batch   200  of    819.    Elapsed: 0:02:29.
2023-01-18 22:40:55,466 | DEBUG |   Batch   300  of    819.    Elapsed: 0:03:44.
2023-01-18 22:42:10,142 | DEBUG |   Batch   400  of    819.    Elapsed: 0:04:59.
2023-01-18 22:43:25,067 | DEBUG |   Batch   500  of    819.    Elapsed: 0:06:13.
2023-01-18 22:44:40,112 | DEBUG |   Batch   600  of    819.    Elapsed: 0:07:28.
2023-01-18 22:45:55,911 | DEBUG |   Batch   700  of    819.    Elapsed: 0:08:44.
2023-01-18 22:47:11,880 | DEBUG |   Batch   800  of    819.    Elapsed: 0:10:00.
2023-01-18 22:47:26,155 | INFO | Epoch 3 : 
            Train_acc : 0.9700076922175158
            Train_precision (macro, micro): [0.95877394 0.97000769]
            Train_recall  (macro, micro): [0.91225623 0.97000769]
            Train_F1 : [0.93128065 0.97000769]
2023-01-18 22:47:26,155 | DEBUG | 
2023-01-18 22:47:26,155 | INFO |   Average training loss: 0.12
2023-01-18 22:47:26,155 | INFO |   Training epoch took: 0:10:15
2023-01-18 22:47:26,169 | INFO | Classification report. TRAINING at epoch 3 
               precision    recall  f1-score   support

           0       1.00      1.00      1.00      2447
           1       0.96      0.97      0.96      2020
           2       0.97      0.99      0.98       736
           3       0.94      0.98      0.96       626
           4       0.88      0.81      0.85       323
           5       1.00      0.95      0.97       236
           6       0.93      0.77      0.84       162

    accuracy                           0.97      6550
   macro avg       0.95      0.92      0.94      6550
weighted avg       0.97      0.97      0.97      6550

2023-01-18 22:47:26,169 | DEBUG | 
2023-01-18 22:47:26,169 | INFO | Running Validation...
2023-01-18 22:47:50,870 | INFO | Epoch 3 : 
                Valid_acc : 0.9494032658794055
                Valid_precision (macro, micro): [0.92323465 0.94940327]
                Valid_recall (macro, micro): [0.85812722 0.94940327]
                Valid_F1 (macro, micro): [0.87786307 0.94940327]
2023-01-18 22:47:50,871 | INFO |   Accuracy: 0.95
2023-01-18 22:47:50,871 | INFO |   Validation Loss: 0.25
2023-01-18 22:47:50,871 | INFO |   Validation took: 0:00:25
2023-01-18 22:47:50,875 | INFO | Classification report. VALIDATION at epoch 3 
               precision    recall  f1-score   support

           0       0.99      1.00      0.99       272
           1       0.90      0.96      0.93       225
           2       0.96      0.99      0.98        82
           3       0.97      1.00      0.99        69
           4       0.83      0.42      0.56        36
           5       1.00      1.00      1.00        26
           6       0.71      0.56      0.63        18

    accuracy                           0.95       728
   macro avg       0.91      0.85      0.87       728
weighted avg       0.94      0.95      0.94       728

2023-01-18 22:47:50,876 | DEBUG | 
2023-01-18 22:47:50,876 | INFO | Training complete!
2023-01-18 22:47:50,876 | INFO | Total training took 0:31:57 (h:mm:ss)
2023-01-18 22:47:50,894 | DEBUG | ====================================================================================================
2023-01-18 22:47:50,895 | DEBUG | ********************************************************************************
2023-01-18 22:47:50,895 | INFO | [{'epoch': 1, 'Training Loss': 0.44718275459708423, 'Training Accur.': 0.7965150235092895, 'Training Precision (macro)': 0.6062450142793518, 'Training Precision (micro)': 0.7965150235092895, 'Training Recall (macro)': 0.5217693539201322, 'Training Recall (micro)': 0.7965150235092895, 'Training F1 (macro)': 0.5173788326653822, 'Training F1 (micro)': 0.7965150235092895, 'Valid. Loss': 0.263053006062714, 'Valid. Accur.': 0.9271978021978022, 'Valid. Precision (macro)': 0.9176088911036591, 'Valid. Precision (micro)': 0.9290969796474323, 'Valid. Recall (macro)': 0.7823638526465961, 'Valid. Recall (micro)': 0.9290969796474323, 'Valid. F1 (macro)': 0.8147515307301555, 'Valid. F1 (micro)': 0.9290969796474323, 'Training Time': '0:10:15', 'Validation Time': '0:00:25'}, {'epoch': 2, 'Training Loss': 0.23386252128535606, 'Training Accur.': 0.9363765816882961, 'Training Precision (macro)': 0.9051517169401055, 'Training Precision (micro)': 0.9363765816882961, 'Training Recall (macro)': 0.819199787866392, 'Training Recall (micro)': 0.9363765816882961, 'Training F1 (macro)': 0.843982180742064, 'Training F1 (micro)': 0.9363765816882961, 'Valid. Loss': 0.19144455130867005, 'Valid. Accur.': 0.945054945054945, 'Valid. Precision (macro)': 0.8966200043599314, 'Valid. Precision (micro)': 0.9455300667027443, 'Valid. Recall (macro)': 0.858414421288408, 'Valid. Recall (micro)': 0.9455300667027443, 'Valid. F1 (macro)': 0.8705291852954217, 'Valid. F1 (micro)': 0.9455300667027443, 'Training Time': '0:10:14', 'Validation Time': '0:00:25'}, {'epoch': 3, 'Training Loss': 0.12414113029619277, 'Training Accur.': 0.9700076922175158, 'Training Precision (macro)': 0.9587739351814855, 'Training Precision (micro)': 0.9700076922175158, 'Training Recall (macro)': 0.9122562285214775, 'Training Recall (micro)': 0.9700076922175158, 'Training F1 (macro)': 0.9312806466194418, 'Training F1 (micro)': 0.9700076922175158, 'Valid. Loss': 0.25387997107687765, 'Valid. Accur.': 0.945054945054945, 'Valid. Precision (macro)': 0.923234648501772, 'Valid. Precision (micro)': 0.9494032658794055, 'Valid. Recall (macro)': 0.8581272201548519, 'Valid. Recall (micro)': 0.9494032658794055, 'Valid. F1 (macro)': 0.8778630717592018, 'Valid. F1 (micro)': 0.9494032658794055, 'Training Time': '0:10:15', 'Validation Time': '0:00:25'}]
2023-01-18 22:47:50,895 | DEBUG | ********************************************************************************
2023-01-18 22:47:50,895 | DEBUG | ====================================================================================================
2023-01-18 22:47:50,898 | DEBUG | Num of different roles in the dataset is 7 which are:
2023-01-18 22:47:50,898 | DEBUG | 	 1 - Witness
2023-01-18 22:47:50,898 | DEBUG | 	 2 - LawyerQA
2023-01-18 22:47:50,899 | DEBUG | 	 3 - JudgeProc
2023-01-18 22:47:50,899 | DEBUG | 	 4 - LawyerProc
2023-01-18 22:47:50,899 | DEBUG | 	 5 - JudgeQA
2023-01-18 22:47:50,899 | DEBUG | 	 6 - Court Proceedings
2023-01-18 22:47:50,899 | DEBUG | 	 7 - Accused
2023-01-18 22:47:50,899 | INFO | There are 1 GPU(s) available.

These are the available devices:
2023-01-18 22:47:50,899 | INFO | 	 1 - Tesla T4
2023-01-18 22:47:50,900 | DEBUG | 

==> Selected device is 'cuda' <==
2023-01-18 22:47:50,900 | DEBUG | Loading BERT tokenizer...
2023-01-18 22:47:51,841 | INFO | Bert tokenizer was loaded successfully (bert-base-uncased)
	do_lower_case=True
2023-01-18 22:47:57,965 | INFO | Max sentence length: 323 found at index 2524. Sentence is:


As for -- I tried to raise three children from their mother, but I could not do that, but they were not from Amleang. As for the flood, I would like to tell you the truth as the following.  A flood from the mountainous area, I had explained to the Chambers earlier that that day there was a slight rain at the place about 9:00 a.m. in the morning.  It was not a heavy rain that day, but there was flood that's about one metre in height in one hour.  It's very quick.  I saw that.  Then I stand -- I stood next to the pits and I told them, "Come out, come out" including myself and others would catch the bin and water above my chest. Everybody was in the same situation. In the evening, about 3:00 p.m., then the water level went down. At that time, I rescued the prisoner and the guards to Chot's house.  It's the village chief of the Trapeang Traob village. And therefore there was no prisoner died in the flood there.  As I told Your Honours earlier, no one died in the flood.  No one climbed up into the tree.  And there was a small hill next to Chot's house.  Chot was the chief of the village and at that time we cross... we could not cross to the house of Brother Chot because there was a pond there.  And before the person did not see anything and come to testify at the court, we cannot say it is correct.



2023-01-18 22:48:05,572 | INFO | 
CORPUS TRAINING AND VALIDATION: 
            
	 Length labels 9705
            
	 Length input_ids 9705
            
	 Length attention_masks 9705
            

2023-01-18 22:48:05,573 | INFO | 
	CORPUS TRAINING:  
            
		 Length labels 8734
            
		 Length input_ids 8734
            
		 Length attention_masks 8734
2023-01-18 22:48:05,573 | INFO | 
	CORPUS VALIDATION: 
            
		 Length labels 971
            
		 Length input_ids 971
            
		 Length attention_masks 971
2023-01-18 22:48:05,573 | INFO | 
2023-01-18 22:48:05,573 | INFO | 
CORPUS TEST: 
            
	 Length labels 511
            
	 Length input_ids 511
            
	 Length attention_masks 511
            

2023-01-18 22:48:07,645 | DEBUG | 
2023-01-18 22:48:07,646 | DEBUG | ======== Epoch 1 / 3 ========
2023-01-18 22:48:07,646 | DEBUG | Training...
2023-01-18 22:49:22,920 | DEBUG |   Batch   100  of  1,092.    Elapsed: 0:01:15.
2023-01-18 22:50:37,379 | DEBUG |   Batch   200  of  1,092.    Elapsed: 0:02:30.
2023-01-18 22:51:51,682 | DEBUG |   Batch   300  of  1,092.    Elapsed: 0:03:44.
2023-01-18 22:53:06,397 | DEBUG |   Batch   400  of  1,092.    Elapsed: 0:04:59.
2023-01-18 22:54:21,073 | DEBUG |   Batch   500  of  1,092.    Elapsed: 0:06:13.
2023-01-18 22:55:36,115 | DEBUG |   Batch   600  of  1,092.    Elapsed: 0:07:28.
2023-01-18 22:56:51,620 | DEBUG |   Batch   700  of  1,092.    Elapsed: 0:08:44.
2023-01-18 22:58:07,270 | DEBUG |   Batch   800  of  1,092.    Elapsed: 0:10:00.
2023-01-18 22:59:23,527 | DEBUG |   Batch   900  of  1,092.    Elapsed: 0:11:16.
2023-01-18 23:00:40,455 | DEBUG |   Batch 1,000  of  1,092.    Elapsed: 0:12:33.
2023-01-18 23:01:51,113 | INFO | Epoch 1 : 
            Train_acc : 0.8062644770861854
            Train_precision (macro, micro): [0.63802044 0.80626448]
            Train_recall  (macro, micro): [0.54964805 0.80626448]
            Train_F1 : [0.54969368 0.80626448]
2023-01-18 23:01:51,114 | DEBUG | 
2023-01-18 23:01:51,114 | INFO |   Average training loss: 0.43
2023-01-18 23:01:51,114 | INFO |   Training epoch took: 0:13:43
2023-01-18 23:01:51,131 | INFO | Classification report. TRAINING at epoch 1 
               precision    recall  f1-score   support

           0       0.96      0.98      0.97      3262
           1       0.85      0.96      0.90      2695
           2       0.80      0.93      0.86       982
           3       0.85      0.85      0.85       834
           4       0.38      0.10      0.16       431
           5       0.93      0.67      0.78       315
           6       0.75      0.19      0.30       215

    accuracy                           0.88      8734
   macro avg       0.79      0.67      0.69      8734
weighted avg       0.86      0.88      0.86      8734

2023-01-18 23:01:51,131 | DEBUG | 
2023-01-18 23:01:51,131 | INFO | Running Validation...
2023-01-18 23:02:24,114 | INFO | Epoch 1 : 
                Valid_acc : 0.9236049951982145
                Valid_precision (macro, micro): [0.81773824 0.923605  ]
                Valid_recall (macro, micro): [0.80040282 0.923605  ]
                Valid_F1 (macro, micro): [0.78032535 0.923605  ]
2023-01-18 23:02:24,114 | INFO |   Accuracy: 0.92
2023-01-18 23:02:24,115 | INFO |   Validation Loss: 0.23
2023-01-18 23:02:24,115 | INFO |   Validation took: 0:00:33
2023-01-18 23:02:24,119 | INFO | Classification report. VALIDATION at epoch 1 
               precision    recall  f1-score   support

           0       0.99      1.00      0.99       363
           1       0.90      0.90      0.90       299
           2       0.88      0.98      0.93       109
           3       0.96      1.00      0.98        93
           4       0.87      0.27      0.41        48
           5       0.97      0.94      0.96        35
           6       0.44      0.75      0.55        24

    accuracy                           0.92       971
   macro avg       0.86      0.83      0.82       971
weighted avg       0.93      0.92      0.92       971

2023-01-18 23:02:24,120 | DEBUG | 
2023-01-18 23:02:24,121 | DEBUG | ======== Epoch 2 / 3 ========
2023-01-18 23:02:24,121 | DEBUG | Training...
2023-01-18 23:03:38,486 | DEBUG |   Batch   100  of  1,092.    Elapsed: 0:01:14.
2023-01-18 23:04:52,920 | DEBUG |   Batch   200  of  1,092.    Elapsed: 0:02:29.
2023-01-18 23:06:07,368 | DEBUG |   Batch   300  of  1,092.    Elapsed: 0:03:43.
2023-01-18 23:07:21,927 | DEBUG |   Batch   400  of  1,092.    Elapsed: 0:04:58.
2023-01-18 23:08:36,618 | DEBUG |   Batch   500  of  1,092.    Elapsed: 0:06:12.
2023-01-18 23:09:52,012 | DEBUG |   Batch   600  of  1,092.    Elapsed: 0:07:28.
2023-01-18 23:11:07,445 | DEBUG |   Batch   700  of  1,092.    Elapsed: 0:08:43.
2023-01-18 23:12:23,501 | DEBUG |   Batch   800  of  1,092.    Elapsed: 0:09:59.
2023-01-18 23:13:39,616 | DEBUG |   Batch   900  of  1,092.    Elapsed: 0:11:15.
2023-01-18 23:14:56,057 | DEBUG |   Batch 1,000  of  1,092.    Elapsed: 0:12:32.
2023-01-18 23:16:06,997 | INFO | Epoch 2 : 
            Train_acc : 0.9419572730077427
            Train_precision (macro, micro): [0.89754195 0.94195727]
            Train_recall  (macro, micro): [0.84378732 0.94195727]
            Train_F1 : [0.86081501 0.94195727]
2023-01-18 23:16:06,997 | DEBUG | 
2023-01-18 23:16:06,997 | INFO |   Average training loss: 0.21
2023-01-18 23:16:06,998 | INFO |   Training epoch took: 0:13:43
2023-01-18 23:16:07,016 | INFO | Classification report. TRAINING at epoch 2 
               precision    recall  f1-score   support

           0       0.99      1.00      1.00      3262
           1       0.91      0.95      0.93      2695
           2       0.94      0.98      0.96       982
           3       0.94      0.97      0.96       834
           4       0.76      0.46      0.57       431
           5       0.97      0.95      0.96       315
           6       0.78      0.62      0.69       215

    accuracy                           0.94      8734
   macro avg       0.90      0.85      0.87      8734
weighted avg       0.94      0.94      0.94      8734

2023-01-18 23:16:07,016 | DEBUG | 
2023-01-18 23:16:07,016 | INFO | Running Validation...
2023-01-18 23:16:39,926 | INFO | Epoch 2 : 
                Valid_acc : 0.9458195123083307
                Valid_precision (macro, micro): [0.92418027 0.94581951]
                Valid_recall (macro, micro): [0.85647082 0.94581951]
                Valid_F1 (macro, micro): [0.88143795 0.94581951]
2023-01-18 23:16:39,926 | INFO |   Accuracy: 0.95
2023-01-18 23:16:39,927 | INFO |   Validation Loss: 0.20
2023-01-18 23:16:39,927 | INFO |   Validation took: 0:00:33
2023-01-18 23:16:39,931 | INFO | Classification report. VALIDATION at epoch 2 
               precision    recall  f1-score   support

           0       0.99      1.00      1.00       363
           1       0.92      0.96      0.94       299
           2       0.92      0.93      0.92       109
           3       0.96      0.96      0.96        93
           4       0.85      0.58      0.69        48
           5       0.97      0.97      0.97        35
           6       0.75      0.62      0.68        24

    accuracy                           0.95       971
   macro avg       0.91      0.86      0.88       971
weighted avg       0.94      0.95      0.94       971

2023-01-18 23:16:39,932 | DEBUG | 
2023-01-18 23:16:39,932 | DEBUG | ======== Epoch 3 / 3 ========
2023-01-18 23:16:39,932 | DEBUG | Training...
2023-01-18 23:17:54,338 | DEBUG |   Batch   100  of  1,092.    Elapsed: 0:01:14.
2023-01-18 23:19:08,968 | DEBUG |   Batch   200  of  1,092.    Elapsed: 0:02:29.
2023-01-18 23:20:23,440 | DEBUG |   Batch   300  of  1,092.    Elapsed: 0:03:44.
2023-01-18 23:21:37,928 | DEBUG |   Batch   400  of  1,092.    Elapsed: 0:04:58.
2023-01-18 23:22:52,793 | DEBUG |   Batch   500  of  1,092.    Elapsed: 0:06:13.
2023-01-18 23:24:07,849 | DEBUG |   Batch   600  of  1,092.    Elapsed: 0:07:28.
2023-01-18 23:25:23,201 | DEBUG |   Batch   700  of  1,092.    Elapsed: 0:08:43.
2023-01-18 23:26:39,050 | DEBUG |   Batch   800  of  1,092.    Elapsed: 0:09:59.
2023-01-18 23:27:54,997 | DEBUG |   Batch   900  of  1,092.    Elapsed: 0:11:15.
2023-01-18 23:29:11,736 | DEBUG |   Batch 1,000  of  1,092.    Elapsed: 0:12:32.
2023-01-18 23:30:22,175 | INFO | Epoch 3 : 
            Train_acc : 0.9614585823997986
            Train_precision (macro, micro): [0.9438434  0.96145858]
            Train_recall  (macro, micro): [0.8998926  0.96145858]
            Train_F1 : [0.91782048 0.96145858]
2023-01-18 23:30:22,175 | DEBUG | 
2023-01-18 23:30:22,176 | INFO |   Average training loss: 0.14
2023-01-18 23:30:22,176 | INFO |   Training epoch took: 0:13:42
2023-01-18 23:30:22,192 | INFO | Classification report. TRAINING at epoch 3 
               precision    recall  f1-score   support

           0       1.00      1.00      1.00      3262
           1       0.95      0.98      0.96      2695
           2       0.95      0.97      0.96       982
           3       0.96      0.98      0.97       834
           4       0.84      0.70      0.77       431
           5       0.98      0.97      0.97       315
           6       0.92      0.80      0.85       215

    accuracy                           0.97      8734
   macro avg       0.94      0.91      0.93      8734
weighted avg       0.96      0.97      0.96      8734

2023-01-18 23:30:22,192 | DEBUG | 
2023-01-18 23:30:22,192 | INFO | Running Validation...
2023-01-18 23:30:55,121 | INFO | Epoch 3 : 
                Valid_acc : 0.9569436928002619
                Valid_precision (macro, micro): [0.92198305 0.95694369]
                Valid_recall (macro, micro): [0.92853711 0.95694369]
                Valid_F1 (macro, micro): [0.92065821 0.95694369]
2023-01-18 23:30:55,122 | INFO |   Accuracy: 0.95
2023-01-18 23:30:55,122 | INFO |   Validation Loss: 0.18
2023-01-18 23:30:55,122 | INFO |   Validation took: 0:00:33
2023-01-18 23:30:55,126 | INFO | Classification report. VALIDATION at epoch 3 
               precision    recall  f1-score   support

           0       0.99      1.00      1.00       363
           1       0.95      0.94      0.94       299
           2       0.94      0.94      0.94       109
           3       0.93      1.00      0.96        93
           4       0.79      0.62      0.70        48
           5       1.00      1.00      1.00        35
           6       0.75      0.88      0.81        24

    accuracy                           0.95       971
   macro avg       0.91      0.91      0.91       971
weighted avg       0.95      0.95      0.95       971

2023-01-18 23:30:55,127 | DEBUG | 
2023-01-18 23:30:55,127 | INFO | Training complete!
2023-01-18 23:30:55,128 | INFO | Total training took 0:42:47 (h:mm:ss)
2023-01-18 23:30:55,146 | DEBUG | ====================================================================================================
2023-01-18 23:30:55,146 | DEBUG | ********************************************************************************
2023-01-18 23:30:55,146 | INFO | [{'epoch': 1, 'Training Loss': 0.4292692149317254, 'Training Accur.': 0.8062644770861854, 'Training Precision (macro)': 0.6380204392899647, 'Training Precision (micro)': 0.8062644770861854, 'Training Recall (macro)': 0.5496480545637542, 'Training Recall (micro)': 0.8062644770861854, 'Training F1 (macro)': 0.5496936818774638, 'Training F1 (micro)': 0.8062644770861854, 'Valid. Loss': 0.2336193000531343, 'Valid. Accur.': 0.9211065573770492, 'Valid. Precision (macro)': 0.8177382416172905, 'Valid. Precision (micro)': 0.9236049951982145, 'Valid. Recall (macro)': 0.800402819885766, 'Valid. Recall (micro)': 0.9236049951982145, 'Valid. F1 (macro)': 0.7803253533991817, 'Valid. F1 (micro)': 0.9236049951982145, 'Training Time': '0:13:43', 'Validation Time': '0:00:33'}, {'epoch': 2, 'Training Loss': 0.21480739059185971, 'Training Accur.': 0.9419572730077427, 'Training Precision (macro)': 0.897541947760697, 'Training Precision (micro)': 0.9419572730077427, 'Training Recall (macro)': 0.8437873194063173, 'Training Recall (micro)': 0.9419572730077427, 'Training F1 (macro)': 0.8608150102843005, 'Training F1 (micro)': 0.9419572730077427, 'Valid. Loss': 0.1975588304616633, 'Valid. Accur.': 0.9456967213114754, 'Valid. Precision (macro)': 0.9241802734862166, 'Valid. Precision (micro)': 0.9458195123083307, 'Valid. Recall (macro)': 0.8564708201117797, 'Valid. Recall (micro)': 0.9458195123083307, 'Valid. F1 (macro)': 0.8814379502246114, 'Valid. F1 (micro)': 0.9458195123083307, 'Training Time': '0:13:43', 'Validation Time': '0:00:33'}, {'epoch': 3, 'Training Loss': 0.13831999245188847, 'Training Accur.': 0.9614585823997986, 'Training Precision (macro)': 0.9438433990271274, 'Training Precision (micro)': 0.9614585823997986, 'Training Recall (macro)': 0.8998926029405547, 'Training Recall (micro)': 0.9614585823997986, 'Training F1 (macro)': 0.9178204773502074, 'Training F1 (micro)': 0.9614585823997986, 'Valid. Loss': 0.18438732746862577, 'Valid. Accur.': 0.9528688524590164, 'Valid. Precision (macro)': 0.9219830458585176, 'Valid. Precision (micro)': 0.9569436928002619, 'Valid. Recall (macro)': 0.9285371064078578, 'Valid. Recall (micro)': 0.9569436928002619, 'Valid. F1 (macro)': 0.9206582144828067, 'Valid. F1 (micro)': 0.9569436928002619, 'Training Time': '0:13:42', 'Validation Time': '0:00:33'}]
2023-01-18 23:30:55,146 | DEBUG | ********************************************************************************
2023-01-18 23:30:55,146 | DEBUG | ====================================================================================================
2023-01-18 23:30:55,149 | DEBUG | Num of different roles in the dataset is 7 which are:
2023-01-18 23:30:55,150 | DEBUG | 	 1 - Witness
2023-01-18 23:30:55,150 | DEBUG | 	 2 - LawyerQA
2023-01-18 23:30:55,150 | DEBUG | 	 3 - JudgeProc
2023-01-18 23:30:55,150 | DEBUG | 	 4 - LawyerProc
2023-01-18 23:30:55,150 | DEBUG | 	 5 - JudgeQA
2023-01-18 23:30:55,150 | DEBUG | 	 6 - Court Proceedings
2023-01-18 23:30:55,150 | DEBUG | 	 7 - Accused
2023-01-18 23:30:55,151 | INFO | There are 1 GPU(s) available.

These are the available devices:
2023-01-18 23:30:55,151 | INFO | 	 1 - Tesla T4
2023-01-18 23:30:55,151 | DEBUG | 

==> Selected device is 'cuda' <==
2023-01-18 23:30:55,151 | DEBUG | Loading BERT tokenizer...
2023-01-18 23:30:56,085 | INFO | Bert tokenizer was loaded successfully (bert-base-uncased)
	do_lower_case=True
2023-01-18 23:31:03,805 | INFO | Max sentence length: 342 found at index 11778. Sentence is:


Q. I'm going to quote what you said. Well, in fact, you mentioned his name at -- in the written record, D40/23, in Khmer 00165357; in French 00490912; English 00223212. Question: "Among the prisoners who were brought to the centre, were some released?" Your answer: "Only the female prisoners with their children were released, in particular, the family of Yeay Nhor," N-H-O-R, "And most of the prisoners died because they were ill or because they were executed. Very few prisoners survived. That is to say, Sen, who was one of them, who lives next to Angkor Leay pagoda." End of quote. And here you spoke about Yeay Nha's family, at answers 90 to 92, at E319.1.3. So those are answers 90 to 92, you spoke about certain members of Yeay Nhor's family, or Yeay Nha, who were detained but who survived Krang Ta Chan. And you also said in your written record of interview, which I just quoted from, that prisoners died because they had been beaten during the interrogations and you also spoke about Yeay Nha's husband as well as the spouse of a -- spouse of a surname Rat (phonetic) was one of Yeay Nha's daughters. Can you tell us when you arrived at Krang Ta Chan, were the members of this family, the family of Yeay Nha, were they already on site, or did they arrive after you had been assigned to Krang Ta Chan?



2023-01-18 23:31:13,410 | INFO | 
CORPUS TRAINING AND VALIDATION: 
            
	 Length labels 12137
            
	 Length input_ids 12137
            
	 Length attention_masks 12137
            

2023-01-18 23:31:13,410 | INFO | 
	CORPUS TRAINING:  
            
		 Length labels 10923
            
		 Length input_ids 10923
            
		 Length attention_masks 10923
2023-01-18 23:31:13,411 | INFO | 
	CORPUS VALIDATION: 
            
		 Length labels 1214
            
		 Length input_ids 1214
            
		 Length attention_masks 1214
2023-01-18 23:31:13,411 | INFO | 
2023-01-18 23:31:13,411 | INFO | 
CORPUS TEST: 
            
	 Length labels 639
            
	 Length input_ids 639
            
	 Length attention_masks 639
            

2023-01-18 23:31:15,636 | DEBUG | 
2023-01-18 23:31:15,636 | DEBUG | ======== Epoch 1 / 3 ========
2023-01-18 23:31:15,636 | DEBUG | Training...
2023-01-18 23:32:30,888 | DEBUG |   Batch   100  of  1,366.    Elapsed: 0:01:15.
2023-01-18 23:33:45,379 | DEBUG |   Batch   200  of  1,366.    Elapsed: 0:02:30.
2023-01-18 23:34:59,767 | DEBUG |   Batch   300  of  1,366.    Elapsed: 0:03:44.
2023-01-18 23:36:14,524 | DEBUG |   Batch   400  of  1,366.    Elapsed: 0:04:59.
2023-01-18 23:37:29,066 | DEBUG |   Batch   500  of  1,366.    Elapsed: 0:06:13.
2023-01-18 23:38:44,406 | DEBUG |   Batch   600  of  1,366.    Elapsed: 0:07:29.
2023-01-18 23:39:59,636 | DEBUG |   Batch   700  of  1,366.    Elapsed: 0:08:44.
2023-01-18 23:41:15,334 | DEBUG |   Batch   800  of  1,366.    Elapsed: 0:10:00.
2023-01-18 23:42:31,689 | DEBUG |   Batch   900  of  1,366.    Elapsed: 0:11:16.
2023-01-18 23:43:48,063 | DEBUG |   Batch 1,000  of  1,366.    Elapsed: 0:12:32.
2023-01-18 23:45:04,929 | DEBUG |   Batch 1,100  of  1,366.    Elapsed: 0:13:49.
2023-01-18 23:46:22,133 | DEBUG |   Batch 1,200  of  1,366.    Elapsed: 0:15:06.
2023-01-18 23:47:39,693 | DEBUG |   Batch 1,300  of  1,366.    Elapsed: 0:16:24.
2023-01-18 23:48:30,620 | INFO | Epoch 1 : 
            Train_acc : 0.8239347351244178
            Train_precision (macro, micro): [0.68382153 0.82393474]
            Train_recall  (macro, micro): [0.57456014 0.82393474]
            Train_F1 : [0.57665691 0.82393474]
2023-01-18 23:48:30,620 | DEBUG | 
2023-01-18 23:48:30,621 | INFO |   Average training loss: 0.40
2023-01-18 23:48:30,621 | INFO |   Training epoch took: 0:17:15
2023-01-18 23:48:30,639 | INFO | Classification report. TRAINING at epoch 1 
               precision    recall  f1-score   support

           0       0.97      0.98      0.97      4078
           1       0.86      0.96      0.90      3370
           2       0.81      0.95      0.87      1229
           3       0.86      0.86      0.86      1043
           4       0.42      0.07      0.13       539
           5       0.92      0.71      0.80       394
           6       0.74      0.28      0.40       270

    accuracy                           0.89     10923
   macro avg       0.79      0.69      0.71     10923
weighted avg       0.87      0.89      0.87     10923

2023-01-18 23:48:30,640 | DEBUG | 
2023-01-18 23:48:30,640 | INFO | Running Validation...
2023-01-18 23:49:11,805 | INFO | Epoch 1 : 
                Valid_acc : 0.9311728725119565
                Valid_precision (macro, micro): [0.88748459 0.93117287]
                Valid_recall (macro, micro): [0.79461786 0.93117287]
                Valid_F1 (macro, micro): [0.81626649 0.93117287]
2023-01-18 23:49:11,805 | INFO |   Accuracy: 0.93
2023-01-18 23:49:11,806 | INFO |   Validation Loss: 0.23
2023-01-18 23:49:11,806 | INFO |   Validation took: 0:00:41
2023-01-18 23:49:11,810 | INFO | Classification report. VALIDATION at epoch 1 
               precision    recall  f1-score   support

           0       0.99      1.00      0.99       453
           1       0.89      0.98      0.93       375
           2       0.91      0.97      0.94       136
           3       0.95      0.96      0.95       116
           4       0.89      0.28      0.43        60
           5       0.98      0.95      0.97        44
           6       0.67      0.53      0.59        30

    accuracy                           0.93      1214
   macro avg       0.90      0.81      0.83      1214
weighted avg       0.93      0.93      0.93      1214

2023-01-18 23:49:11,812 | DEBUG | 
2023-01-18 23:49:11,812 | DEBUG | ======== Epoch 2 / 3 ========
2023-01-18 23:49:11,812 | DEBUG | Training...
2023-01-18 23:50:26,139 | DEBUG |   Batch   100  of  1,366.    Elapsed: 0:01:14.
2023-01-18 23:51:40,502 | DEBUG |   Batch   200  of  1,366.    Elapsed: 0:02:29.
2023-01-18 23:52:54,923 | DEBUG |   Batch   300  of  1,366.    Elapsed: 0:03:43.
2023-01-18 23:54:09,412 | DEBUG |   Batch   400  of  1,366.    Elapsed: 0:04:58.
2023-01-18 23:55:24,104 | DEBUG |   Batch   500  of  1,366.    Elapsed: 0:06:12.
2023-01-18 23:56:39,251 | DEBUG |   Batch   600  of  1,366.    Elapsed: 0:07:27.
2023-01-18 23:57:54,597 | DEBUG |   Batch   700  of  1,366.    Elapsed: 0:08:43.
2023-01-18 23:59:10,633 | DEBUG |   Batch   800  of  1,366.    Elapsed: 0:09:59.
2023-01-19 00:00:26,585 | DEBUG |   Batch   900  of  1,366.    Elapsed: 0:11:15.
2023-01-19 00:01:43,430 | DEBUG |   Batch 1,000  of  1,366.    Elapsed: 0:12:32.
2023-01-19 00:03:00,583 | DEBUG |   Batch 1,100  of  1,366.    Elapsed: 0:13:49.
2023-01-19 00:04:17,831 | DEBUG |   Batch 1,200  of  1,366.    Elapsed: 0:15:06.
2023-01-19 00:05:35,539 | DEBUG |   Batch 1,300  of  1,366.    Elapsed: 0:16:24.
2023-01-19 00:06:26,458 | INFO | Epoch 2 : 
            Train_acc : 0.9447177657617155
            Train_precision (macro, micro): [0.89990532 0.94471777]
            Train_recall  (macro, micro): [0.85275824 0.94471777]
            Train_F1 : [0.86944892 0.94471777]
2023-01-19 00:06:26,458 | DEBUG | 
2023-01-19 00:06:26,459 | INFO |   Average training loss: 0.20
2023-01-19 00:06:26,459 | INFO |   Training epoch took: 0:17:15
2023-01-19 00:06:26,480 | INFO | Classification report. TRAINING at epoch 2 
               precision    recall  f1-score   support

           0       0.99      1.00      1.00      4078
           1       0.92      0.96      0.94      3370
           2       0.94      0.97      0.95      1229
           3       0.94      0.97      0.96      1043
           4       0.79      0.54      0.64       539
           5       0.98      0.94      0.96       394
           6       0.83      0.62      0.71       270

    accuracy                           0.95     10923
   macro avg       0.91      0.86      0.88     10923
weighted avg       0.94      0.95      0.94     10923

2023-01-19 00:06:26,483 | DEBUG | 
2023-01-19 00:06:26,483 | INFO | Running Validation...
2023-01-19 00:07:07,763 | INFO | Epoch 2 : 
                Valid_acc : 0.9489700028380335
                Valid_precision (macro, micro): [0.90769797 0.94897   ]
                Valid_recall (macro, micro): [0.85511617 0.94897   ]
                Valid_F1 (macro, micro): [0.86467309 0.94897   ]
2023-01-19 00:07:07,763 | INFO |   Accuracy: 0.94
2023-01-19 00:07:07,764 | INFO |   Validation Loss: 0.24
2023-01-19 00:07:07,764 | INFO |   Validation took: 0:00:41
2023-01-19 00:07:07,768 | INFO | Classification report. VALIDATION at epoch 2 
               precision    recall  f1-score   support

           0       1.00      0.99      0.99       453
           1       0.91      0.97      0.94       375
           2       0.93      0.97      0.95       136
           3       0.93      0.98      0.96       116
           4       0.86      0.40      0.55        60
           5       0.98      0.98      0.98        44
           6       0.73      0.63      0.68        30

    accuracy                           0.94      1214
   macro avg       0.90      0.85      0.86      1214
weighted avg       0.94      0.94      0.94      1214

2023-01-19 00:07:07,769 | DEBUG | 
2023-01-19 00:07:07,770 | DEBUG | ======== Epoch 3 / 3 ========
2023-01-19 00:07:07,770 | DEBUG | Training...
2023-01-19 00:08:22,350 | DEBUG |   Batch   100  of  1,366.    Elapsed: 0:01:15.
2023-01-19 00:09:36,978 | DEBUG |   Batch   200  of  1,366.    Elapsed: 0:02:29.
2023-01-19 00:10:51,581 | DEBUG |   Batch   300  of  1,366.    Elapsed: 0:03:44.
2023-01-19 00:12:06,125 | DEBUG |   Batch   400  of  1,366.    Elapsed: 0:04:58.
2023-01-19 00:13:20,852 | DEBUG |   Batch   500  of  1,366.    Elapsed: 0:06:13.
2023-01-19 00:14:35,995 | DEBUG |   Batch   600  of  1,366.    Elapsed: 0:07:28.
2023-01-19 00:15:51,366 | DEBUG |   Batch   700  of  1,366.    Elapsed: 0:08:44.
2023-01-19 00:17:07,007 | DEBUG |   Batch   800  of  1,366.    Elapsed: 0:09:59.
2023-01-19 00:18:23,361 | DEBUG |   Batch   900  of  1,366.    Elapsed: 0:11:16.
2023-01-19 00:19:40,099 | DEBUG |   Batch 1,000  of  1,366.    Elapsed: 0:12:32.
2023-01-19 00:20:56,872 | DEBUG |   Batch 1,100  of  1,366.    Elapsed: 0:13:49.
2023-01-19 00:22:13,998 | DEBUG |   Batch 1,200  of  1,366.    Elapsed: 0:15:06.
2023-01-19 00:23:31,487 | DEBUG |   Batch 1,300  of  1,366.    Elapsed: 0:16:24.
2023-01-19 00:24:22,506 | INFO | Epoch 3 : 
            Train_acc : 0.9673970367433907
            Train_precision (macro, micro): [0.94938032 0.96739704]
            Train_recall  (macro, micro): [0.92564538 0.96739704]
            Train_F1 : [0.93501437 0.96739704]
2023-01-19 00:24:22,506 | DEBUG | 
2023-01-19 00:24:22,506 | INFO |   Average training loss: 0.13
2023-01-19 00:24:22,507 | INFO |   Training epoch took: 0:17:15
2023-01-19 00:24:22,528 | INFO | Classification report. TRAINING at epoch 3 
               precision    recall  f1-score   support

           0       1.00      1.00      1.00      4078
           1       0.96      0.97      0.97      3370
           2       0.96      0.98      0.97      1229
           3       0.95      0.97      0.96      1043
           4       0.88      0.77      0.82       539
           5       0.98      0.97      0.97       394
           6       0.93      0.85      0.89       270

    accuracy                           0.97     10923
   macro avg       0.95      0.93      0.94     10923
weighted avg       0.97      0.97      0.97     10923

2023-01-19 00:24:22,528 | DEBUG | 
2023-01-19 00:24:22,528 | INFO | Running Validation...
2023-01-19 00:25:03,587 | INFO | Epoch 3 : 
                Valid_acc : 0.9559274640913946
                Valid_precision (macro, micro): [0.93771294 0.95592746]
                Valid_recall (macro, micro): [0.85405103 0.95592746]
                Valid_F1 (macro, micro): [0.87875598 0.95592746]
2023-01-19 00:25:03,587 | INFO |   Accuracy: 0.96
2023-01-19 00:25:03,587 | INFO |   Validation Loss: 0.22
2023-01-19 00:25:03,588 | INFO |   Validation took: 0:00:41
2023-01-19 00:25:03,592 | INFO | Classification report. VALIDATION at epoch 3 
               precision    recall  f1-score   support

           0       0.99      1.00      0.99       453
           1       0.93      0.98      0.96       375
           2       0.92      0.98      0.95       136
           3       0.94      0.98      0.96       116
           4       0.89      0.57      0.69        60
           5       1.00      0.95      0.98        44
           6       0.94      0.57      0.71        30

    accuracy                           0.96      1214
   macro avg       0.95      0.86      0.89      1214
weighted avg       0.96      0.96      0.95      1214

2023-01-19 00:25:03,593 | DEBUG | 
2023-01-19 00:25:03,593 | INFO | Training complete!
2023-01-19 00:25:03,593 | INFO | Total training took 0:53:48 (h:mm:ss)
2023-01-19 00:25:03,616 | DEBUG | ====================================================================================================
2023-01-19 00:25:03,616 | DEBUG | ********************************************************************************
2023-01-19 00:25:03,616 | INFO | [{'epoch': 1, 'Training Loss': 0.3996505447701547, 'Training Accur.': 0.8239347351244178, 'Training Precision (macro)': 0.683821525652662, 'Training Precision (micro)': 0.8239347351244178, 'Training Recall (macro)': 0.5745601426823458, 'Training Recall (micro)': 0.8239347351244178, 'Training F1 (macro)': 0.5766569149467256, 'Training F1 (micro)': 0.8239347351244178, 'Valid. Loss': 0.23345147260452473, 'Valid. Accur.': 0.9347587719298246, 'Valid. Precision (macro)': 0.887484591847227, 'Valid. Precision (micro)': 0.9311728725119565, 'Valid. Recall (macro)': 0.7946178563863263, 'Valid. Recall (micro)': 0.9311728725119565, 'Valid. F1 (macro)': 0.8162664878640236, 'Valid. F1 (micro)': 0.9311728725119565, 'Training Time': '0:17:15', 'Validation Time': '0:00:41'}, {'epoch': 2, 'Training Loss': 0.20379231723138277, 'Training Accur.': 0.9447177657617155, 'Training Precision (macro)': 0.8999053151506428, 'Training Precision (micro)': 0.9447177657617155, 'Training Recall (macro)': 0.8527582375281435, 'Training Recall (micro)': 0.9447177657617155, 'Training F1 (macro)': 0.8694489220259981, 'Training F1 (micro)': 0.9447177657617155, 'Valid. Loss': 0.23929256887793982, 'Valid. Accur.': 0.9432565789473685, 'Valid. Precision (macro)': 0.9076979714987007, 'Valid. Precision (micro)': 0.9489700028380335, 'Valid. Recall (macro)': 0.8551161724640364, 'Valid. Recall (micro)': 0.9489700028380335, 'Valid. F1 (macro)': 0.8646730885990294, 'Valid. F1 (micro)': 0.9489700028380335, 'Training Time': '0:17:15', 'Validation Time': '0:00:41'}, {'epoch': 3, 'Training Loss': 0.1300524215867704, 'Training Accur.': 0.9673970367433907, 'Training Precision (macro)': 0.9493803201172045, 'Training Precision (micro)': 0.9673970367433907, 'Training Recall (macro)': 0.9256453843986068, 'Training Recall (micro)': 0.9673970367433907, 'Training F1 (macro)': 0.935014371548432, 'Training F1 (micro)': 0.9673970367433907, 'Valid. Loss': 0.21885956326973668, 'Valid. Accur.': 0.9555921052631579, 'Valid. Precision (macro)': 0.937712940164691, 'Valid. Precision (micro)': 0.9559274640913946, 'Valid. Recall (macro)': 0.8540510305938664, 'Valid. Recall (micro)': 0.9559274640913946, 'Valid. F1 (macro)': 0.8787559822671416, 'Valid. F1 (micro)': 0.9559274640913946, 'Training Time': '0:17:15', 'Validation Time': '0:00:41'}]
2023-01-19 00:25:03,617 | DEBUG | ********************************************************************************
2023-01-19 00:25:03,617 | DEBUG | ====================================================================================================
