2023-01-26 16:26:07,722 | DEBUG | Reading directory path
2023-01-26 16:26:07,976 | DEBUG | {'general_set_up': {'dataset_filename': '20230112_Dataset_W_Batch1.xlsx', 'input_dir_name': 'input', 'output_dir_name': 'output', 'dataset_dir_name': 'dataset', 'logs_dir_name': 'logs', 'models_dir_name': 'models'}, 'dataset': {'index_columns_dataset': 0, 'list_columns_names': ['id_document', 'id_annotation', 'start', 'span', 'role', 'trauma', 'court', 'Comments1', 'Comments2'], 'col_of_interest_binary_classif': 'trauma', 'col_of_interest_multi_label_classif': 'role', 'col_of_reference_binary_classif': 'span', 'col_of_reference_multi_label_classif': 'span'}, 'models': {'bert': ['bert-base-uncased', 'nlpaueb/legal-bert-base-uncased'], 'other': ['snowood1/ConfliBERT-scr-uncased', 'GroNLP/hateBERT']}, 'training_model': {'model_name': 'GroNLP/hateBERT', 'epochs': 3, 'batch_size': 8, 'embedding_size': 512, 'return_attention_mask': True, 'cross_validation': False, 'save_model': False, 'store_statistics': True, 'test_model': False, 'add_special_tokes': True, 'max_length': 512, 'pad_to_max_length': True, 'run_in_gpu': True, 'classification_task': 'binary'}, 'active_training': {'size_splits_dataset': 10, 'classification_task': 'binary'}}
2023-01-26 16:26:08,770 | DEBUG | Col of interest <<trauma>>
2023-01-26 16:26:08,770 | DEBUG | classes_dataset <<[0, 1]>>
2023-01-26 16:26:08,771 | DEBUG | Num of different classes in the dataset is 2 which are:
2023-01-26 16:26:08,771 | DEBUG | 	 1 - 0.0
2023-01-26 16:26:08,771 | DEBUG | 	 2 - 1.0
2023-01-26 16:26:09,363 | INFO | There are 1 GPU(s) available.

These are the available devices:
2023-01-26 16:26:09,364 | INFO | 	 1 - Tesla T4
2023-01-26 16:26:09,365 | DEBUG | 

==> Selected device is 'cuda' <==
2023-01-26 16:26:09,365 | DEBUG | Loading tokenizer... [ID:other];[Name:GroNLP/hateBERT]
2023-01-26 16:26:09,680 | INFO | other tokenizer was loaded successfully (GroNLP/hateBERT)
	do_lower_case=True
2023-01-26 16:26:10,266 | INFO | Max sentence length: 298 found at index 4683. Sentence is:


A. <There was a> committee of monks at the level of the province which <the chief> was in charge. I was in charge of the New People, their living conditions, their health; I was in charge of meetings and the kitchens. <So many people were sick. So, I prepared food for them. One person was> very hungry; <so he ate> so <much food> that <he> fainted. He did not die, but nearly died. We divided our roles. As regards the monks, what I can tell you is that they were <defrocked> but I do not know why. <But, my> idea at the time was that they should be kept, they shouldn't be <defrocked since they were already old> but <we should not allow more people to be ordained. I said that, but I did not dare to say it loud enough to be heard. I talked and walked the talk at the same time, but for fear, I did not dare to talk loudly. The state of life was like that.> I was at the pagoda. <I looked after it>. I <used the wooden boards to tightly close the> doors and the <walls> in order to protect the statue of the Buddha <from being taken away>. After the war <ended>, the statue was there. It was Ang Montreay (phonetic) pagoda in Kus <commune>.



2023-01-26 16:26:11,569 | INFO | 
CORPUS TRAINING AND VALIDATION: 
            
	 Length labels 4534
            
	 Length input_ids 4534
            
	 Length attention_masks 4534
            

2023-01-26 16:26:11,570 | INFO | 
	CORPUS TRAINING:  
            
		 Length labels 4080
            
		 Length input_ids 4080
            
		 Length attention_masks 4080
2023-01-26 16:26:11,570 | INFO | 
	CORPUS VALIDATION: 
            
		 Length labels 454
            
		 Length input_ids 454
            
		 Length attention_masks 454
2023-01-26 16:26:11,570 | INFO | 
2023-01-26 16:26:11,570 | INFO | 
CORPUS TEST: 
            
	 Length labels 239
            
	 Length input_ids 239
            
	 Length attention_masks 239
            

2023-01-26 16:26:16,328 | DEBUG | 
2023-01-26 16:26:16,328 | INFO | ======== Epoch 1 / 3 ========
2023-01-26 16:26:16,328 | INFO | Training...
2023-01-26 16:27:32,037 | DEBUG |   Batch   100  of    510.    Elapsed: 0:01:16.
2023-01-26 16:28:46,775 | DEBUG |   Batch   200  of    510.    Elapsed: 0:02:30.
2023-01-26 16:30:01,547 | DEBUG |   Batch   300  of    510.    Elapsed: 0:03:45.
2023-01-26 16:31:16,589 | DEBUG |   Batch   400  of    510.    Elapsed: 0:05:00.
2023-01-26 16:32:31,413 | DEBUG |   Batch   500  of    510.    Elapsed: 0:06:15.
2023-01-26 16:32:38,927 | INFO | Epoch 1 : 
            Train_acc : 0.8757590202077423
            Train_precision (macro, micro): [0.67254981 0.87575902]
            Train_recall  (macro, micro): [0.60794262 0.87575902]
            Train_F1 : [0.62497943 0.87575902]
2023-01-26 16:32:38,927 | DEBUG | 
2023-01-26 16:32:38,928 | INFO |   Average training loss: 0.22
2023-01-26 16:32:38,928 | INFO |   Training epoch took: 0:06:23
2023-01-26 16:32:38,934 | INFO | Classification report. TRAINING at epoch 1 
               precision    recall  f1-score   support

           0       0.94      0.97      0.96      3671
           1       0.64      0.45      0.53       409

    accuracy                           0.92      4080
   macro avg       0.79      0.71      0.74      4080
weighted avg       0.91      0.92      0.91      4080

2023-01-26 16:32:38,935 | DEBUG | 
2023-01-26 16:32:38,935 | INFO | Running Validation...
2023-01-26 16:32:54,205 | INFO | Epoch 1 : 
                Valid_acc : 0.9314007014510678
                Valid_precision (macro, micro): [0.8698047 0.9314007]
                Valid_recall (macro, micro): [0.73204993 0.9314007 ]
                Valid_F1 (macro, micro): [0.77692869 0.9314007 ]
2023-01-26 16:32:54,205 | INFO |   Accuracy: 0.95
2023-01-26 16:32:54,205 | INFO |   Validation Loss: 0.17
2023-01-26 16:32:54,206 | INFO |   Validation took: 0:00:15
2023-01-26 16:32:54,209 | INFO | Classification report. VALIDATION at epoch 1 
               precision    recall  f1-score   support

           0       0.95      0.99      0.97       409
           1       0.83      0.56      0.67        45

    accuracy                           0.94       454
   macro avg       0.89      0.77      0.82       454
weighted avg       0.94      0.94      0.94       454

2023-01-26 16:32:54,209 | DEBUG | 
2023-01-26 16:32:54,210 | INFO | ======== Epoch 2 / 3 ========
2023-01-26 16:32:54,210 | INFO | Training...
2023-01-26 16:34:09,176 | DEBUG |   Batch   100  of    510.    Elapsed: 0:01:15.
2023-01-26 16:35:24,195 | DEBUG |   Batch   200  of    510.    Elapsed: 0:02:30.
2023-01-26 16:36:39,201 | DEBUG |   Batch   300  of    510.    Elapsed: 0:03:45.
2023-01-26 16:37:54,203 | DEBUG |   Batch   400  of    510.    Elapsed: 0:05:00.
2023-01-26 16:39:09,205 | DEBUG |   Batch   500  of    510.    Elapsed: 0:06:15.
2023-01-26 16:39:16,739 | INFO | Epoch 2 : 
            Train_acc : 0.9625202913816975
            Train_precision (macro, micro): [0.91301458 0.96252029]
            Train_recall  (macro, micro): [0.87999554 0.96252029]
            Train_F1 : [0.89498952 0.96252029]
2023-01-26 16:39:16,739 | DEBUG | 
2023-01-26 16:39:16,740 | INFO |   Average training loss: 0.12
2023-01-26 16:39:16,740 | INFO |   Training epoch took: 0:06:23
2023-01-26 16:39:16,747 | INFO | Classification report. TRAINING at epoch 2 
               precision    recall  f1-score   support

           0       0.98      0.98      0.98      3671
           1       0.84      0.80      0.82       409

    accuracy                           0.97      4080
   macro avg       0.91      0.89      0.90      4080
weighted avg       0.96      0.97      0.97      4080

2023-01-26 16:39:16,747 | DEBUG | 
2023-01-26 16:39:16,747 | INFO | Running Validation...
2023-01-26 16:39:32,105 | INFO | Epoch 2 : 
                Valid_acc : 0.9548707914880511
                Valid_precision (macro, micro): [0.94624976 0.95487079]
                Valid_recall (macro, micro): [0.78102192 0.95487079]
                Valid_F1 (macro, micro): [0.83587347 0.95487079]
2023-01-26 16:39:32,106 | INFO |   Accuracy: 0.95
2023-01-26 16:39:32,106 | INFO |   Validation Loss: 0.18
2023-01-26 16:39:32,106 | INFO |   Validation took: 0:00:15
2023-01-26 16:39:32,110 | INFO | Classification report. VALIDATION at epoch 2 
               precision    recall  f1-score   support

           0       0.95      0.99      0.97       409
           1       0.89      0.53      0.67        45

    accuracy                           0.95       454
   macro avg       0.92      0.76      0.82       454
weighted avg       0.94      0.95      0.94       454

2023-01-26 16:39:32,110 | DEBUG | 
2023-01-26 16:39:32,110 | INFO | ======== Epoch 3 / 3 ========
2023-01-26 16:39:32,111 | INFO | Training...
2023-01-26 16:40:47,068 | DEBUG |   Batch   100  of    510.    Elapsed: 0:01:15.
2023-01-26 16:42:02,011 | DEBUG |   Batch   200  of    510.    Elapsed: 0:02:30.
2023-01-26 16:43:16,898 | DEBUG |   Batch   300  of    510.    Elapsed: 0:03:45.
2023-01-26 16:44:31,818 | DEBUG |   Batch   400  of    510.    Elapsed: 0:05:00.
2023-01-26 16:45:46,864 | DEBUG |   Batch   500  of    510.    Elapsed: 0:06:15.
2023-01-26 16:45:54,371 | INFO | Epoch 3 : 
            Train_acc : 0.9823087287186587
            Train_precision (macro, micro): [0.96358749 0.98230873]
            Train_recall  (macro, micro): [0.93465505 0.98230873]
            Train_F1 : [0.94848041 0.98230873]
2023-01-26 16:45:54,371 | DEBUG | 
2023-01-26 16:45:54,372 | INFO |   Average training loss: 0.07
2023-01-26 16:45:54,372 | INFO |   Training epoch took: 0:06:22
2023-01-26 16:45:54,378 | INFO | Classification report. TRAINING at epoch 3 
               precision    recall  f1-score   support

           0       0.99      0.99      0.99      3671
           1       0.94      0.89      0.91       409

    accuracy                           0.98      4080
   macro avg       0.96      0.94      0.95      4080
weighted avg       0.98      0.98      0.98      4080

2023-01-26 16:45:54,379 | DEBUG | 
2023-01-26 16:45:54,379 | INFO | Running Validation...
2023-01-26 16:46:09,691 | INFO | Epoch 3 : 
                Valid_acc : 0.9617523052727038
                Valid_precision (macro, micro): [0.88681056 0.96175231]
                Valid_recall (macro, micro): [0.89076024 0.96175231]
                Valid_F1 (macro, micro): [0.88296163 0.96175231]
2023-01-26 16:46:09,691 | INFO |   Accuracy: 0.95
2023-01-26 16:46:09,691 | INFO |   Validation Loss: 0.23
2023-01-26 16:46:09,691 | INFO |   Validation took: 0:00:15
2023-01-26 16:46:09,694 | INFO | Classification report. VALIDATION at epoch 3 
               precision    recall  f1-score   support

           0       0.96      0.99      0.97       409
           1       0.83      0.64      0.73        45

    accuracy                           0.95       454
   macro avg       0.90      0.81      0.85       454
weighted avg       0.95      0.95      0.95       454

2023-01-26 16:46:09,695 | DEBUG | 
2023-01-26 16:46:09,695 | INFO | Training complete!
2023-01-26 16:46:09,695 | INFO | Total training took 0:19:53 (h:mm:ss)
2023-01-26 16:46:09,705 | INFO | From binary classification we present the following statistics: [{'epoch': 1, 'Training Loss': 0.22123441991953216, 'Training Accur.': 0.8757590202077423, 'Training Precision (macro)': 0.6725498081058963, 'Training Precision (micro)': 0.8757590202077423, 'Training Recall (macro)': 0.6079426233527244, 'Training Recall (micro)': 0.8757590202077423, 'Training F1 (macro)': 0.6249794334689623, 'Training F1 (micro)': 0.8757590202077423, 'Valid. Loss': 0.16827689219070108, 'Valid. Accur.': 0.9451754385964912, 'Valid. Precision (macro)': 0.8698047016723492, 'Valid. Precision (micro)': 0.9314007014510678, 'Valid. Recall (macro)': 0.7320499341042167, 'Valid. Recall (micro)': 0.9314007014510678, 'Valid. F1 (macro)': 0.776928685823096, 'Valid. F1 (micro)': 0.9314007014510678, 'Training Time': '0:06:23', 'Validation Time': '0:00:15'}, {'epoch': 2, 'Training Loss': 0.12404870089832876, 'Training Accur.': 0.9625202913816975, 'Training Precision (macro)': 0.913014582400728, 'Training Precision (micro)': 0.9625202913816975, 'Training Recall (macro)': 0.8799955385472865, 'Training Recall (micro)': 0.9625202913816975, 'Training F1 (macro)': 0.8949895245931199, 'Training F1 (micro)': 0.9625202913816975, 'Valid. Loss': 0.1849009170658527, 'Valid. Accur.': 0.9473684210526315, 'Valid. Precision (macro)': 0.946249756726747, 'Valid. Precision (micro)': 0.9548707914880511, 'Valid. Recall (macro)': 0.7810219233602684, 'Valid. Recall (micro)': 0.9548707914880511, 'Valid. F1 (macro)': 0.8358734673615701, 'Valid. F1 (micro)': 0.9548707914880511, 'Training Time': '0:06:23', 'Validation Time': '0:00:15'}, {'epoch': 3, 'Training Loss': 0.06940825742511901, 'Training Accur.': 0.9823087287186587, 'Training Precision (macro)': 0.963587489272827, 'Training Precision (micro)': 0.9823087287186587, 'Training Recall (macro)': 0.9346550456631998, 'Training Recall (micro)': 0.9823087287186587, 'Training F1 (macro)': 0.9484804073019739, 'Training F1 (micro)': 0.9823087287186587, 'Valid. Loss': 0.22868706325167104, 'Valid. Accur.': 0.9517543859649122, 'Valid. Precision (macro)': 0.8868105612155808, 'Valid. Precision (micro)': 0.9617523052727038, 'Valid. Recall (macro)': 0.8907602383902232, 'Valid. Recall (micro)': 0.9617523052727038, 'Valid. F1 (macro)': 0.8829616307137302, 'Valid. F1 (micro)': 0.9617523052727038, 'Training Time': '0:06:22', 'Validation Time': '0:00:15'}]
