2023-01-26 15:36:55,337 | DEBUG | Reading directory path
2023-01-26 15:36:55,585 | DEBUG | {'general_set_up': {'dataset_filename': '20230112_Dataset_W_Batch1.xlsx', 'input_dir_name': 'input', 'output_dir_name': 'output', 'dataset_dir_name': 'dataset', 'logs_dir_name': 'logs', 'models_dir_name': 'models'}, 'dataset': {'index_columns_dataset': 0, 'list_columns_names': ['id_document', 'id_annotation', 'start', 'span', 'role', 'trauma', 'court', 'Comments1', 'Comments2'], 'col_of_interest_binary_classif': 'trauma', 'col_of_interest_multi_label_classif': 'role', 'col_of_reference_binary_classif': 'span', 'col_of_reference_multi_label_classif': 'span'}, 'models': {'bert': ['bert-base-uncased', 'nlpaueb/legal-bert-base-uncased'], 'other': ['snowood1/ConfliBERT-scr-uncased', 'GroNLP/hateBERT']}, 'training_model': {'model_name': 'nlpaueb/legal-bert-base-uncased', 'epochs': 3, 'batch_size': 8, 'embedding_size': 512, 'return_attention_mask': True, 'cross_validation': False, 'save_model': False, 'store_statistics': True, 'test_model': False, 'add_special_tokes': True, 'max_length': 512, 'pad_to_max_length': True, 'run_in_gpu': True, 'classification_task': 'binary'}, 'active_training': {'size_splits_dataset': 10, 'classification_task': 'binary'}}
2023-01-26 15:36:56,416 | DEBUG | Col of interest <<trauma>>
2023-01-26 15:36:56,417 | DEBUG | classes_dataset <<[0, 1]>>
2023-01-26 15:36:56,418 | DEBUG | Num of different classes in the dataset is 2 which are:
2023-01-26 15:36:56,418 | DEBUG | 	 1 - 0.0
2023-01-26 15:36:56,418 | DEBUG | 	 2 - 1.0
2023-01-26 15:36:57,049 | INFO | There are 1 GPU(s) available.

These are the available devices:
2023-01-26 15:36:57,052 | INFO | 	 1 - Tesla T4
2023-01-26 15:36:57,053 | DEBUG | 

==> Selected device is 'cuda' <==
2023-01-26 15:36:57,053 | DEBUG | Loading tokenizer... [ID:bert];[Name:nlpaueb/legal-bert-base-uncased]
2023-01-26 15:36:57,390 | INFO | bert tokenizer was loaded successfully (nlpaueb/legal-bert-base-uncased)
	do_lower_case=True
2023-01-26 15:37:00,357 | INFO | Max sentence length: 320 found at index 4683. Sentence is:


A. <There was a> committee of monks at the level of the province which <the chief> was in charge. I was in charge of the New People, their living conditions, their health; I was in charge of meetings and the kitchens. <So many people were sick. So, I prepared food for them. One person was> very hungry; <so he ate> so <much food> that <he> fainted. He did not die, but nearly died. We divided our roles. As regards the monks, what I can tell you is that they were <defrocked> but I do not know why. <But, my> idea at the time was that they should be kept, they shouldn't be <defrocked since they were already old> but <we should not allow more people to be ordained. I said that, but I did not dare to say it loud enough to be heard. I talked and walked the talk at the same time, but for fear, I did not dare to talk loudly. The state of life was like that.> I was at the pagoda. <I looked after it>. I <used the wooden boards to tightly close the> doors and the <walls> in order to protect the statue of the Buddha <from being taken away>. After the war <ended>, the statue was there. It was Ang Montreay (phonetic) pagoda in Kus <commune>.



2023-01-26 15:37:04,116 | INFO | 
CORPUS TRAINING AND VALIDATION: 
            
	 Length labels 4534
            
	 Length input_ids 4534
            
	 Length attention_masks 4534
            

2023-01-26 15:37:04,116 | INFO | 
	CORPUS TRAINING:  
            
		 Length labels 4080
            
		 Length input_ids 4080
            
		 Length attention_masks 4080
2023-01-26 15:37:04,117 | INFO | 
	CORPUS VALIDATION: 
            
		 Length labels 454
            
		 Length input_ids 454
            
		 Length attention_masks 454
2023-01-26 15:37:04,117 | INFO | 
2023-01-26 15:37:04,117 | INFO | 
CORPUS TEST: 
            
	 Length labels 239
            
	 Length input_ids 239
            
	 Length attention_masks 239
            

2023-01-26 15:37:21,735 | DEBUG | 
2023-01-26 15:37:21,735 | INFO | ======== Epoch 1 / 3 ========
2023-01-26 15:37:21,736 | INFO | Training...
2023-01-26 15:38:32,483 | DEBUG |   Batch   100  of    510.    Elapsed: 0:01:11.
2023-01-26 15:39:43,367 | DEBUG |   Batch   200  of    510.    Elapsed: 0:02:22.
2023-01-26 15:40:55,626 | DEBUG |   Batch   300  of    510.    Elapsed: 0:03:34.
2023-01-26 15:42:09,215 | DEBUG |   Batch   400  of    510.    Elapsed: 0:04:47.
2023-01-26 15:43:23,753 | DEBUG |   Batch   500  of    510.    Elapsed: 0:06:02.
2023-01-26 15:43:31,252 | INFO | Epoch 1 : 
            Train_acc : 0.904066832074188
            Train_precision (macro, micro): [0.72192512 0.90406683]
            Train_recall  (macro, micro): [0.59762491 0.90406683]
            Train_F1 : [0.62130574 0.90406683]
2023-01-26 15:43:31,252 | DEBUG | 
2023-01-26 15:43:31,253 | INFO |   Average training loss: 0.23
2023-01-26 15:43:31,253 | INFO |   Training epoch took: 0:06:10
2023-01-26 15:43:31,260 | INFO | Classification report. TRAINING at epoch 1 
               precision    recall  f1-score   support

           0       0.94      0.98      0.96      3671
           1       0.68      0.40      0.50       409

    accuracy                           0.92      4080
   macro avg       0.81      0.69      0.73      4080
weighted avg       0.91      0.92      0.91      4080

2023-01-26 15:43:31,260 | DEBUG | 
2023-01-26 15:43:31,260 | INFO | Running Validation...
2023-01-26 15:43:46,316 | INFO | Epoch 1 : 
                Valid_acc : 0.9641967892169744
                Valid_precision (macro, micro): [0.89507198 0.96419679]
                Valid_recall (macro, micro): [0.91510777 0.96419679]
                Valid_F1 (macro, micro): [0.90098132 0.96419679]
2023-01-26 15:43:46,317 | INFO |   Accuracy: 0.95
2023-01-26 15:43:46,317 | INFO |   Validation Loss: 0.14
2023-01-26 15:43:46,317 | INFO |   Validation took: 0:00:15
2023-01-26 15:43:46,320 | INFO | Classification report. VALIDATION at epoch 1 
               precision    recall  f1-score   support

           0       0.98      0.96      0.97       409
           1       0.72      0.84      0.78        45

    accuracy                           0.95       454
   macro avg       0.85      0.90      0.87       454
weighted avg       0.96      0.95      0.95       454

2023-01-26 15:43:46,321 | DEBUG | 
2023-01-26 15:43:46,321 | INFO | ======== Epoch 2 / 3 ========
2023-01-26 15:43:46,322 | INFO | Training...
2023-01-26 15:45:01,259 | DEBUG |   Batch   100  of    510.    Elapsed: 0:01:15.
2023-01-26 15:46:16,002 | DEBUG |   Batch   200  of    510.    Elapsed: 0:02:30.
2023-01-26 15:47:30,721 | DEBUG |   Batch   300  of    510.    Elapsed: 0:03:44.
2023-01-26 15:48:45,585 | DEBUG |   Batch   400  of    510.    Elapsed: 0:04:59.
2023-01-26 15:50:00,493 | DEBUG |   Batch   500  of    510.    Elapsed: 0:06:14.
2023-01-26 15:50:08,045 | INFO | Epoch 2 : 
            Train_acc : 0.9567362806962414
            Train_precision (macro, micro): [0.88990589 0.95673628]
            Train_recall  (macro, micro): [0.85899001 0.95673628]
            Train_F1 : [0.87338903 0.95673628]
2023-01-26 15:50:08,045 | DEBUG | 
2023-01-26 15:50:08,046 | INFO |   Average training loss: 0.15
2023-01-26 15:50:08,046 | INFO |   Training epoch took: 0:06:22
2023-01-26 15:50:08,052 | INFO | Classification report. TRAINING at epoch 2 
               precision    recall  f1-score   support

           0       0.97      0.98      0.98      3671
           1       0.81      0.73      0.77       409

    accuracy                           0.96      4080
   macro avg       0.89      0.86      0.87      4080
weighted avg       0.95      0.96      0.95      4080

2023-01-26 15:50:08,053 | DEBUG | 
2023-01-26 15:50:08,053 | INFO | Running Validation...
2023-01-26 15:50:23,485 | INFO | Epoch 2 : 
                Valid_acc : 0.9368502420832722
                Valid_precision (macro, micro): [0.80510297 0.93685024]
                Valid_recall (macro, micro): [0.86807317 0.93685024]
                Valid_F1 (macro, micro): [0.83127913 0.93685024]
2023-01-26 15:50:23,485 | INFO |   Accuracy: 0.94
2023-01-26 15:50:23,486 | INFO |   Validation Loss: 0.23
2023-01-26 15:50:23,486 | INFO |   Validation took: 0:00:15
2023-01-26 15:50:23,489 | INFO | Classification report. VALIDATION at epoch 2 
               precision    recall  f1-score   support

           0       0.98      0.95      0.97       409
           1       0.64      0.87      0.74        45

    accuracy                           0.94       454
   macro avg       0.81      0.91      0.85       454
weighted avg       0.95      0.94      0.94       454

2023-01-26 15:50:23,490 | DEBUG | 
2023-01-26 15:50:23,490 | INFO | ======== Epoch 3 / 3 ========
2023-01-26 15:50:23,490 | INFO | Training...
2023-01-26 15:51:38,135 | DEBUG |   Batch   100  of    510.    Elapsed: 0:01:15.
2023-01-26 15:52:52,882 | DEBUG |   Batch   200  of    510.    Elapsed: 0:02:29.
2023-01-26 15:54:07,564 | DEBUG |   Batch   300  of    510.    Elapsed: 0:03:44.
2023-01-26 15:55:22,128 | DEBUG |   Batch   400  of    510.    Elapsed: 0:04:59.
2023-01-26 15:56:36,946 | DEBUG |   Batch   500  of    510.    Elapsed: 0:06:13.
2023-01-26 15:56:44,361 | INFO | Epoch 3 : 
            Train_acc : 0.9673670492223062
            Train_precision (macro, micro): [0.9114502  0.96736705]
            Train_recall  (macro, micro): [0.90246043 0.96736705]
            Train_F1 : [0.90587124 0.96736705]
2023-01-26 15:56:44,362 | DEBUG | 
2023-01-26 15:56:44,362 | INFO |   Average training loss: 0.11
2023-01-26 15:56:44,362 | INFO |   Training epoch took: 0:06:21
2023-01-26 15:56:44,370 | INFO | Classification report. TRAINING at epoch 3 
               precision    recall  f1-score   support

           0       0.98      0.99      0.98      3671
           1       0.87      0.83      0.85       409

    accuracy                           0.97      4080
   macro avg       0.92      0.91      0.92      4080
weighted avg       0.97      0.97      0.97      4080

2023-01-26 15:56:44,370 | DEBUG | 
2023-01-26 15:56:44,371 | INFO | Running Validation...
2023-01-26 15:56:59,503 | INFO | Epoch 3 : 
                Valid_acc : 0.9496306778095904
                Valid_precision (macro, micro): [0.84227929 0.94963068]
                Valid_recall (macro, micro): [0.8798015  0.94963068]
                Valid_F1 (macro, micro): [0.85784311 0.94963068]
2023-01-26 15:56:59,503 | INFO |   Accuracy: 0.94
2023-01-26 15:56:59,503 | INFO |   Validation Loss: 0.24
2023-01-26 15:56:59,503 | INFO |   Validation took: 0:00:15
2023-01-26 15:56:59,507 | INFO | Classification report. VALIDATION at epoch 3 
               precision    recall  f1-score   support

           0       0.97      0.96      0.97       409
           1       0.68      0.76      0.72        45

    accuracy                           0.94       454
   macro avg       0.83      0.86      0.84       454
weighted avg       0.94      0.94      0.94       454

2023-01-26 15:56:59,507 | DEBUG | 
2023-01-26 15:56:59,507 | INFO | Training complete!
2023-01-26 15:56:59,507 | INFO | Total training took 0:19:38 (h:mm:ss)
2023-01-26 15:56:59,517 | INFO | From binary classification we present the following statistics: [{'epoch': 1, 'Training Loss': 0.23185121413667267, 'Training Accur.': 0.904066832074188, 'Training Precision (macro)': 0.7219251157194703, 'Training Precision (micro)': 0.904066832074188, 'Training Recall (macro)': 0.5976249135476426, 'Training Recall (micro)': 0.904066832074188, 'Training F1 (macro)': 0.6213057427666651, 'Training F1 (micro)': 0.904066832074188, 'Valid. Loss': 0.14123995577213927, 'Valid. Accur.': 0.9517543859649122, 'Valid. Precision (macro)': 0.8950719789476842, 'Valid. Precision (micro)': 0.9641967892169744, 'Valid. Recall (macro)': 0.9151077722981358, 'Valid. Recall (micro)': 0.9641967892169744, 'Valid. F1 (macro)': 0.9009813232202406, 'Valid. F1 (micro)': 0.9641967892169744, 'Training Time': '0:06:10', 'Validation Time': '0:00:15'}, {'epoch': 2, 'Training Loss': 0.14675883086142585, 'Training Accur.': 0.9567362806962414, 'Training Precision (macro)': 0.8899058901312112, 'Training Precision (micro)': 0.9567362806962414, 'Training Recall (macro)': 0.8589900114641222, 'Training Recall (micro)': 0.9567362806962414, 'Training F1 (macro)': 0.8733890275721362, 'Training F1 (micro)': 0.9567362806962414, 'Valid. Loss': 0.22710861208217561, 'Valid. Accur.': 0.9378654970760234, 'Valid. Precision (macro)': 0.8051029705401461, 'Valid. Precision (micro)': 0.9368502420832722, 'Valid. Recall (macro)': 0.868073174471805, 'Valid. Recall (micro)': 0.9368502420832722, 'Valid. F1 (macro)': 0.8312791304015377, 'Valid. F1 (micro)': 0.9368502420832722, 'Training Time': '0:06:22', 'Validation Time': '0:00:15'}, {'epoch': 3, 'Training Loss': 0.11140913584117787, 'Training Accur.': 0.9673670492223062, 'Training Precision (macro)': 0.9114501952235846, 'Training Precision (micro)': 0.9673670492223062, 'Training Recall (macro)': 0.9024604279588991, 'Training Recall (micro)': 0.9673670492223062, 'Training F1 (macro)': 0.9058712387834394, 'Training F1 (micro)': 0.9673670492223062, 'Valid. Loss': 0.23923018716761776, 'Valid. Accur.': 0.9400584795321638, 'Valid. Precision (macro)': 0.8422792930376022, 'Valid. Precision (micro)': 0.9496306778095904, 'Valid. Recall (macro)': 0.8798014956146681, 'Valid. Recall (micro)': 0.9496306778095904, 'Valid. F1 (macro)': 0.8578431146073775, 'Valid. F1 (micro)': 0.9496306778095904, 'Training Time': '0:06:21', 'Validation Time': '0:00:15'}]
