2023-01-26 14:27:28,475 | DEBUG | Reading directory path
2023-01-26 14:27:28,483 | DEBUG | {'general_set_up': {'dataset_filename': '20230112_Dataset_W_Batch1.xlsx', 'input_dir_name': 'input', 'output_dir_name': 'output', 'dataset_dir_name': 'dataset', 'logs_dir_name': 'logs', 'models_dir_name': 'models'}, 'dataset': {'index_columns_dataset': 0, 'list_columns_names': ['id_document', 'id_annotation', 'start', 'span', 'role', 'trauma', 'court', 'Comments1', 'Comments2'], 'col_of_interest_binary_classif': 'trauma', 'col_of_interest_multi_label_classif': 'role', 'col_of_reference_binary_classif': 'span', 'col_of_reference_multi_label_classif': 'span'}, 'models': {'bert': ['bert-base-uncased', 'nlpaueb/legal-bert-base-uncased'], 'other': ['snowood1/ConfliBERT-scr-uncased', 'GroNLP/hateBERT']}, 'training_model': {'model_name': 'bert-base-uncased', 'epochs': 3, 'batch_size': 8, 'embedding_size': 512, 'return_attention_mask': True, 'cross_validation': False, 'save_model': False, 'store_statistics': True, 'test_model': False, 'add_special_tokes': True, 'max_length': 512, 'pad_to_max_length': True, 'run_in_gpu': True, 'classification_task': 'binary'}, 'active_training': {'size_splits_dataset': 10, 'classification_task': 'binary'}}
2023-01-26 14:27:29,292 | DEBUG | Col of interest <<trauma>>
2023-01-26 14:27:29,293 | DEBUG | classes_dataset <<[0, 1]>>
2023-01-26 14:27:29,293 | DEBUG | Num of different classes in the dataset is 2 which are:
2023-01-26 14:27:29,293 | DEBUG | 	 1 - 0.0
2023-01-26 14:27:29,294 | DEBUG | 	 2 - 1.0
2023-01-26 14:27:29,906 | INFO | There are 1 GPU(s) available.

These are the available devices:
2023-01-26 14:27:29,908 | INFO | 	 1 - Tesla T4
2023-01-26 14:27:29,908 | DEBUG | 

==> Selected device is 'cuda' <==
2023-01-26 14:27:29,908 | DEBUG | Loading tokenizer... [ID:bert];[Name:bert-base-uncased]
2023-01-26 14:27:30,847 | INFO | bert tokenizer was loaded successfully (bert-base-uncased)
	do_lower_case=True
2023-01-26 14:27:35,684 | INFO | Max sentence length: 298 found at index 4683. Sentence is:


A. <There was a> committee of monks at the level of the province which <the chief> was in charge. I was in charge of the New People, their living conditions, their health; I was in charge of meetings and the kitchens. <So many people were sick. So, I prepared food for them. One person was> very hungry; <so he ate> so <much food> that <he> fainted. He did not die, but nearly died. We divided our roles. As regards the monks, what I can tell you is that they were <defrocked> but I do not know why. <But, my> idea at the time was that they should be kept, they shouldn't be <defrocked since they were already old> but <we should not allow more people to be ordained. I said that, but I did not dare to say it loud enough to be heard. I talked and walked the talk at the same time, but for fear, I did not dare to talk loudly. The state of life was like that.> I was at the pagoda. <I looked after it>. I <used the wooden boards to tightly close the> doors and the <walls> in order to protect the statue of the Buddha <from being taken away>. After the war <ended>, the statue was there. It was Ang Montreay (phonetic) pagoda in Kus <commune>.



2023-01-26 14:27:41,874 | INFO | 
CORPUS TRAINING AND VALIDATION: 
            
	 Length labels 4534
            
	 Length input_ids 4534
            
	 Length attention_masks 4534
            

2023-01-26 14:27:41,874 | INFO | 
	CORPUS TRAINING:  
            
		 Length labels 4080
            
		 Length input_ids 4080
            
		 Length attention_masks 4080
2023-01-26 14:27:41,874 | INFO | 
	CORPUS VALIDATION: 
            
		 Length labels 454
            
		 Length input_ids 454
            
		 Length attention_masks 454
2023-01-26 14:27:41,874 | INFO | 
2023-01-26 14:27:41,875 | INFO | 
CORPUS TEST: 
            
	 Length labels 239
            
	 Length input_ids 239
            
	 Length attention_masks 239
            

2023-01-26 14:27:52,283 | DEBUG | 
2023-01-26 14:27:52,283 | INFO | ======== Epoch 1 / 3 ========
2023-01-26 14:27:52,284 | INFO | Training...
2023-01-26 14:29:06,083 | DEBUG |   Batch   100  of    510.    Elapsed: 0:01:14.
2023-01-26 14:30:19,463 | DEBUG |   Batch   200  of    510.    Elapsed: 0:02:27.
2023-01-26 14:31:33,227 | DEBUG |   Batch   300  of    510.    Elapsed: 0:03:41.
2023-01-26 14:32:46,777 | DEBUG |   Batch   400  of    510.    Elapsed: 0:04:54.
2023-01-26 14:34:00,674 | DEBUG |   Batch   500  of    510.    Elapsed: 0:06:08.
2023-01-26 14:34:08,056 | INFO | Epoch 1 : 
            Train_acc : 0.9141989188577847
            Train_precision (macro, micro): [0.71728506 0.91419892]
            Train_recall  (macro, micro): [0.59257112 0.91419892]
            Train_F1 : [0.61115617 0.91419892]
2023-01-26 14:34:08,056 | DEBUG | 
2023-01-26 14:34:08,056 | INFO |   Average training loss: 0.21
2023-01-26 14:34:08,056 | INFO |   Training epoch took: 0:06:16
2023-01-26 14:34:08,063 | INFO | Classification report. TRAINING at epoch 1 
               precision    recall  f1-score   support

           0       0.94      0.98      0.96      3671
           1       0.73      0.43      0.54       409

    accuracy                           0.93      4080
   macro avg       0.83      0.70      0.75      4080
weighted avg       0.92      0.93      0.92      4080

2023-01-26 14:34:08,063 | DEBUG | 
2023-01-26 14:34:08,064 | INFO | Running Validation...
2023-01-26 14:34:22,698 | INFO | Epoch 1 : 
                Valid_acc : 0.9292787984132654
                Valid_precision (macro, micro): [0.80599448 0.9292788 ]
                Valid_recall (macro, micro): [0.86970072 0.9292788 ]
                Valid_F1 (macro, micro): [0.83026527 0.9292788 ]
2023-01-26 14:34:22,699 | INFO |   Accuracy: 0.93
2023-01-26 14:34:22,699 | INFO |   Validation Loss: 0.18
2023-01-26 14:34:22,699 | INFO |   Validation took: 0:00:15
2023-01-26 14:34:22,703 | INFO | Classification report. VALIDATION at epoch 1 
               precision    recall  f1-score   support

           0       0.98      0.95      0.96       409
           1       0.63      0.80      0.71        45

    accuracy                           0.93       454
   macro avg       0.80      0.87      0.83       454
weighted avg       0.94      0.93      0.94       454

2023-01-26 14:34:22,703 | DEBUG | 
2023-01-26 14:34:22,704 | INFO | ======== Epoch 2 / 3 ========
2023-01-26 14:34:22,704 | INFO | Training...
2023-01-26 14:35:36,309 | DEBUG |   Batch   100  of    510.    Elapsed: 0:01:14.
2023-01-26 14:36:50,076 | DEBUG |   Batch   200  of    510.    Elapsed: 0:02:27.
2023-01-26 14:38:03,520 | DEBUG |   Batch   300  of    510.    Elapsed: 0:03:41.
2023-01-26 14:39:17,126 | DEBUG |   Batch   400  of    510.    Elapsed: 0:04:54.
2023-01-26 14:40:30,938 | DEBUG |   Batch   500  of    510.    Elapsed: 0:06:08.
2023-01-26 14:40:38,363 | INFO | Epoch 2 : 
            Train_acc : 0.9650959391532337
            Train_precision (macro, micro): [0.89749878 0.96509594]
            Train_recall  (macro, micro): [0.91405553 0.96509594]
            Train_F1 : [0.90509376 0.96509594]
2023-01-26 14:40:38,364 | DEBUG | 
2023-01-26 14:40:38,364 | INFO |   Average training loss: 0.12
2023-01-26 14:40:38,364 | INFO |   Training epoch took: 0:06:16
2023-01-26 14:40:38,372 | INFO | Classification report. TRAINING at epoch 2 
               precision    recall  f1-score   support

           0       0.98      0.98      0.98      3671
           1       0.83      0.81      0.82       409

    accuracy                           0.97      4080
   macro avg       0.91      0.90      0.90      4080
weighted avg       0.96      0.97      0.97      4080

2023-01-26 14:40:38,373 | DEBUG | 
2023-01-26 14:40:38,373 | INFO | Running Validation...
2023-01-26 14:40:52,978 | INFO | Epoch 2 : 
                Valid_acc : 0.9516425177989085
                Valid_precision (macro, micro): [0.86877166 0.95164252]
                Valid_recall (macro, micro): [0.85739708 0.95164252]
                Valid_F1 (macro, micro): [0.85820131 0.95164252]
2023-01-26 14:40:52,978 | INFO |   Accuracy: 0.95
2023-01-26 14:40:52,979 | INFO |   Validation Loss: 0.19
2023-01-26 14:40:52,979 | INFO |   Validation took: 0:00:15
2023-01-26 14:40:52,982 | INFO | Classification report. VALIDATION at epoch 2 
               precision    recall  f1-score   support

           0       0.97      0.98      0.97       409
           1       0.78      0.69      0.73        45

    accuracy                           0.95       454
   macro avg       0.87      0.83      0.85       454
weighted avg       0.95      0.95      0.95       454

2023-01-26 14:40:52,983 | DEBUG | 
2023-01-26 14:40:52,983 | INFO | ======== Epoch 3 / 3 ========
2023-01-26 14:40:52,983 | INFO | Training...
2023-01-26 14:42:06,464 | DEBUG |   Batch   100  of    510.    Elapsed: 0:01:13.
2023-01-26 14:43:20,041 | DEBUG |   Batch   200  of    510.    Elapsed: 0:02:27.
2023-01-26 14:44:33,616 | DEBUG |   Batch   300  of    510.    Elapsed: 0:03:41.
2023-01-26 14:45:47,240 | DEBUG |   Batch   400  of    510.    Elapsed: 0:04:54.
2023-01-26 14:47:00,943 | DEBUG |   Batch   500  of    510.    Elapsed: 0:06:08.
2023-01-26 14:47:08,330 | INFO | Epoch 3 : 
            Train_acc : 0.9823094113619959
            Train_precision (macro, micro): [0.95606111 0.98230941]
            Train_recall  (macro, micro): [0.94459264 0.98230941]
            Train_F1 : [0.95019353 0.98230941]
2023-01-26 14:47:08,331 | DEBUG | 
2023-01-26 14:47:08,331 | INFO |   Average training loss: 0.08
2023-01-26 14:47:08,331 | INFO |   Training epoch took: 0:06:15
2023-01-26 14:47:08,339 | INFO | Classification report. TRAINING at epoch 3 
               precision    recall  f1-score   support

           0       0.99      0.99      0.99      3671
           1       0.92      0.89      0.90       409

    accuracy                           0.98      4080
   macro avg       0.95      0.94      0.94      4080
weighted avg       0.98      0.98      0.98      4080

2023-01-26 14:47:08,339 | DEBUG | 
2023-01-26 14:47:08,339 | INFO | Running Validation...
2023-01-26 14:47:22,958 | INFO | Epoch 3 : 
                Valid_acc : 0.9509922009428197
                Valid_precision (macro, micro): [0.85900588 0.9509922 ]
                Valid_recall (macro, micro): [0.85454619 0.9509922 ]
                Valid_F1 (macro, micro): [0.85589424 0.9509922 ]
2023-01-26 14:47:22,958 | INFO |   Accuracy: 0.95
2023-01-26 14:47:22,959 | INFO |   Validation Loss: 0.26
2023-01-26 14:47:22,959 | INFO |   Validation took: 0:00:15
2023-01-26 14:47:22,962 | INFO | Classification report. VALIDATION at epoch 3 
               precision    recall  f1-score   support

           0       0.97      0.97      0.97       409
           1       0.74      0.76      0.75        45

    accuracy                           0.95       454
   macro avg       0.86      0.86      0.86       454
weighted avg       0.95      0.95      0.95       454

2023-01-26 14:47:22,963 | DEBUG | 
2023-01-26 14:47:22,963 | INFO | Training complete!
2023-01-26 14:47:22,963 | INFO | Total training took 0:19:31 (h:mm:ss)
2023-01-26 14:47:22,973 | INFO | From binary classification we present the following statistics: [{'epoch': 1, 'Training Loss': 0.2122794448158375, 'Training Accur.': 0.9141989188577847, 'Training Precision (macro)': 0.7172850588659349, 'Training Precision (micro)': 0.9141989188577847, 'Training Recall (macro)': 0.5925711247266997, 'Training Recall (micro)': 0.9141989188577847, 'Training F1 (macro)': 0.6111561688330946, 'Training F1 (micro)': 0.9141989188577847, 'Valid. Loss': 0.1817419600607664, 'Valid. Accur.': 0.9342105263157895, 'Valid. Precision (macro)': 0.8059944831682814, 'Valid. Precision (micro)': 0.9292787984132654, 'Valid. Recall (macro)': 0.8697007212273137, 'Valid. Recall (micro)': 0.9292787984132654, 'Valid. F1 (macro)': 0.8302652733527376, 'Valid. F1 (micro)': 0.9292787984132654, 'Training Time': '0:06:16', 'Validation Time': '0:00:15'}, {'epoch': 2, 'Training Loss': 0.11567204494186786, 'Training Accur.': 0.9650959391532337, 'Training Precision (macro)': 0.897498777436189, 'Training Precision (micro)': 0.9650959391532337, 'Training Recall (macro)': 0.9140555281951321, 'Training Recall (micro)': 0.9650959391532337, 'Training F1 (macro)': 0.9050937581561392, 'Training F1 (micro)': 0.9650959391532337, 'Valid. Loss': 0.19277759066786976, 'Valid. Accur.': 0.9495614035087719, 'Valid. Precision (macro)': 0.8687716587142446, 'Valid. Precision (micro)': 0.9516425177989085, 'Valid. Recall (macro)': 0.8573970754944084, 'Valid. Recall (micro)': 0.9516425177989085, 'Valid. F1 (macro)': 0.8582013133563434, 'Valid. F1 (micro)': 0.9516425177989085, 'Training Time': '0:06:16', 'Validation Time': '0:00:15'}, {'epoch': 3, 'Training Loss': 0.07614616376448277, 'Training Accur.': 0.9823094113619959, 'Training Precision (macro)': 0.956061110984694, 'Training Precision (micro)': 0.9823094113619959, 'Training Recall (macro)': 0.9445926355889338, 'Training Recall (micro)': 0.9823094113619959, 'Training F1 (macro)': 0.950193529947404, 'Training F1 (micro)': 0.9823094113619959, 'Valid. Loss': 0.26206484854092676, 'Valid. Accur.': 0.9488304093567251, 'Valid. Precision (macro)': 0.859005884926679, 'Valid. Precision (micro)': 0.9509922009428197, 'Valid. Recall (macro)': 0.8545461866970036, 'Valid. Recall (micro)': 0.9509922009428197, 'Valid. F1 (macro)': 0.855894242184244, 'Valid. F1 (micro)': 0.9509922009428197, 'Training Time': '0:06:15', 'Validation Time': '0:00:15'}]
